#
# There is insufficient memory for the Java Runtime Environment to continue.
# Native memory allocation (malloc) failed to allocate 626096 bytes for Chunk::new
# Possible reasons:
#   The system is out of physical RAM or swap space
#   In 32 bit mode, the process size limit was hit
# Possible solutions:
#   Reduce memory load on the system
#   Increase physical memory or swap space
#   Check if swap backing store is full
#   Use 64 bit Java on a 64 bit OS
#   Decrease Java heap size (-Xmx/-Xms)
#   Decrease number of Java threads
#   Decrease Java thread stack sizes (-Xss)
#   Set larger code cache with -XX:ReservedCodeCacheSize=
# This output file may be truncated or incomplete.
#
#  Out of Memory Error (allocation.cpp:390), pid=27620, tid=24264
#
# JRE version: Java(TM) SE Runtime Environment (8.0_31-b13) (build 1.8.0_31-b13)
# Java VM: Java HotSpot(TM) 64-Bit Server VM (25.31-b07 mixed mode windows-amd64 compressed oops)
# Failed to write core dump. Minidumps are not enabled by default on client versions of Windows
#

---------------  T H R E A D  ---------------

Current thread (0x000000001c108800):  JavaThread "C2 CompilerThread1" daemon [_thread_in_native, id=24264, stack(0x000000001de70000,0x000000001df70000)]

Stack: [0x000000001de70000,0x000000001df70000]
Native frames: (J=compiled Java code, j=interpreted, Vv=VM code, C=native code)
V  [jvm.dll+0x3169ba]
V  [jvm.dll+0x2674c3]
V  [jvm.dll+0x268103]
V  [jvm.dll+0x25f8f5]
V  [jvm.dll+0xbf025]
V  [jvm.dll+0xbf4cc]
V  [jvm.dll+0x45df82]
V  [jvm.dll+0x49f21f]
V  [jvm.dll+0x453401]
V  [jvm.dll+0x454124]
V  [jvm.dll+0x437c62]
V  [jvm.dll+0x988e2]
V  [jvm.dll+0x990d3]
V  [jvm.dll+0x22c194]
V  [jvm.dll+0x28576a]
C  [msvcr100.dll+0x21d9f]
C  [msvcr100.dll+0x21e3b]
C  [kernel32.dll+0x159bd]
C  [ntdll.dll+0x2a2e1]


Current CompileTask:
C2:  32127 2328   !   4       org.springframework.core.type.classreading.AnnotationReadingVisitorUtils::convertClassValues (404 bytes)


---------------  P R O C E S S  ---------------

Java Threads: ( => current thread )
  0x000000001d616000 JavaThread "Service Thread" daemon [_thread_blocked, id=21976, stack(0x000000001e1a0000,0x000000001e2a0000)]
  0x000000001c10a000 JavaThread "C1 CompilerThread2" daemon [_thread_in_native, id=27276, stack(0x000000001e030000,0x000000001e130000)]
=>0x000000001c108800 JavaThread "C2 CompilerThread1" daemon [_thread_in_native, id=24264, stack(0x000000001de70000,0x000000001df70000)]
  0x000000001c106800 JavaThread "C2 CompilerThread0" daemon [_thread_in_native, id=25072, stack(0x000000001dc10000,0x000000001dd10000)]
  0x000000001d59b000 JavaThread "Attach Listener" daemon [_thread_blocked, id=22340, stack(0x000000001da60000,0x000000001db60000)]
  0x000000001d598800 JavaThread "Signal Dispatcher" daemon [_thread_blocked, id=18808, stack(0x000000001d390000,0x000000001d490000)]
  0x000000001c0a4000 JavaThread "Finalizer" daemon [_thread_blocked, id=5996, stack(0x000000001d490000,0x000000001d590000)]
  0x000000001c0a0800 JavaThread "Reference Handler" daemon [_thread_blocked, id=21052, stack(0x000000001d1b0000,0x000000001d2b0000)]
  0x000000000224b000 JavaThread "main" [_thread_in_vm, id=18856, stack(0x00000000024d0000,0x00000000025d0000)]

Other Threads:
  0x000000001c09d000 VMThread [stack: 0x000000001d000000,0x000000001d100000] [id=26988]
  0x000000001d61c800 WatcherThread [stack: 0x000000001e3a0000,0x000000001e4a0000] [id=18328]

VM state:not at safepoint (normal execution)

VM Mutex/Monitor currently owned by a thread: None

Heap:
 PSYoungGen      total 141824K, used 58086K [0x000000076b400000, 0x0000000774900000, 0x00000007c0000000)
  eden space 131072K, 36% used [0x000000076b400000,0x000000076e23f7b0,0x0000000773400000)
  from space 10752K, 99% used [0x0000000773400000,0x0000000773e7a148,0x0000000773e80000)
  to   space 10752K, 0% used [0x0000000773e80000,0x0000000773e80000,0x0000000774900000)
 ParOldGen       total 175104K, used 1006K [0x00000006c1c00000, 0x00000006cc700000, 0x000000076b400000)
  object space 175104K, 0% used [0x00000006c1c00000,0x00000006c1cfb878,0x00000006cc700000)
 Metaspace       used 20091K, capacity 20446K, committed 20736K, reserved 1067008K
  class space    used 2441K, capacity 2528K, committed 2560K, reserved 1048576K

Card table byte_map: [0x0000000011c60000,0x0000000012460000] byte_map_base: 0x000000000e652000

Marking Bits: (ParMarkBitMap*) 0x000000005bd6d4f0
 Begin Bits: [0x0000000012ff0000, 0x0000000016f80000)
 End Bits:   [0x0000000016f80000, 0x000000001af10000)

Polling page: 0x0000000000140000

CodeCache: size=245760Kb used=8819Kb max_used=8878Kb free=236940Kb
 bounds [0x00000000028a0000, 0x0000000003160000, 0x00000000118a0000]
 total_blobs=2594 nmethods=2236 adapters=271
 compilation: enabled

Compilation events (10 events):
Event: 32.027 Thread 0x000000001c10a000 nmethod 2347 0x00000000029bbb50 code [0x00000000029bbce0, 0x00000000029bc138]
Event: 32.027 Thread 0x000000001c10a000 2348       3       org.springframework.boot.autoconfigure.condition.ConditionMessage::hashCode (8 bytes)
Event: 32.027 Thread 0x000000001c10a000 nmethod 2348 0x000000000313a810 code [0x000000000313a980, 0x000000000313ab08]
Event: 32.029 Thread 0x000000001c10a000 2349       3       org.springframework.boot.autoconfigure.condition.ConditionMessage::andCondition (64 bytes)
Event: 32.030 Thread 0x000000001c10a000 nmethod 2349 0x0000000002bbed10 code [0x0000000002bbef80, 0x0000000002bbfed8]
Event: 32.030 Thread 0x000000001c10a000 2350       3       org.springframework.boot.autoconfigure.condition.ConditionMessage$Builder::because (63 bytes)
Event: 32.031 Thread 0x000000001c10a000 nmethod 2350 0x0000000002bbd950 code [0x0000000002bbdb80, 0x0000000002bbe7e8]
Event: 32.039 Thread 0x000000001c10a000 2351       3       org.springframework.boot.autoconfigure.condition.OnClassCondition::getAttributes (12 bytes)
Event: 32.039 Thread 0x000000001c10a000 nmethod 2351 0x00000000029bb190 code [0x00000000029bb320, 0x00000000029bb6d8]
Event: 32.039 Thread 0x000000001c10a000 2352       3       org.springframework.boot.autoconfigure.condition.OnClassCondition::getMatchingClasses (93 bytes)

GC Heap History (6 events):
Event: 13.498 GC heap before
{Heap before GC invocations=1 (full 0):
 PSYoungGen      total 76288K, used 65536K [0x000000076b400000, 0x0000000770900000, 0x00000007c0000000)
  eden space 65536K, 100% used [0x000000076b400000,0x000000076f400000,0x000000076f400000)
  from space 10752K, 0% used [0x000000076fe80000,0x000000076fe80000,0x0000000770900000)
  to   space 10752K, 0% used [0x000000076f400000,0x000000076f400000,0x000000076fe80000)
 ParOldGen       total 175104K, used 0K [0x00000006c1c00000, 0x00000006cc700000, 0x000000076b400000)
  object space 175104K, 0% used [0x00000006c1c00000,0x00000006c1c00000,0x00000006cc700000)
 Metaspace       used 11099K, capacity 11222K, committed 11392K, reserved 1058816K
  class space    used 1343K, capacity 1395K, committed 1408K, reserved 1048576K
Event: 16.995 GC heap after
Heap after GC invocations=1 (full 0):
 PSYoungGen      total 76288K, used 7461K [0x000000076b400000, 0x0000000774900000, 0x00000007c0000000)
  eden space 65536K, 0% used [0x000000076b400000,0x000000076b400000,0x000000076f400000)
  from space 10752K, 69% used [0x000000076f400000,0x000000076fb494a8,0x000000076fe80000)
  to   space 10752K, 0% used [0x0000000773e80000,0x0000000773e80000,0x0000000774900000)
 ParOldGen       total 175104K, used 8K [0x00000006c1c00000, 0x00000006cc700000, 0x000000076b400000)
  object space 175104K, 0% used [0x00000006c1c00000,0x00000006c1c02000,0x00000006cc700000)
 Metaspace       used 11099K, capacity 11222K, committed 11392K, reserved 1058816K
  class space    used 1343K, capacity 1395K, committed 1408K, reserved 1048576K
}
Event: 23.911 GC heap before
{Heap before GC invocations=2 (full 0):
 PSYoungGen      total 76288K, used 72997K [0x000000076b400000, 0x0000000774900000, 0x00000007c0000000)
  eden space 65536K, 100% used [0x000000076b400000,0x000000076f400000,0x000000076f400000)
  from space 10752K, 69% used [0x000000076f400000,0x000000076fb494a8,0x000000076fe80000)
  to   space 10752K, 0% used [0x0000000773e80000,0x0000000773e80000,0x0000000774900000)
 ParOldGen       total 175104K, used 8K [0x00000006c1c00000, 0x00000006cc700000, 0x000000076b400000)
  object space 175104K, 0% used [0x00000006c1c00000,0x00000006c1c02000,0x00000006cc700000)
 Metaspace       used 18144K, capacity 18354K, committed 18432K, reserved 1064960K
  class space    used 2206K, capacity 2250K, committed 2304K, reserved 1048576K
Event: 24.814 GC heap after
Heap after GC invocations=2 (full 0):
 PSYoungGen      total 141824K, used 10732K [0x000000076b400000, 0x0000000774900000, 0x00000007c0000000)
  eden space 131072K, 0% used [0x000000076b400000,0x000000076b400000,0x0000000773400000)
  from space 10752K, 99% used [0x0000000773e80000,0x00000007748fb2f0,0x0000000774900000)
  to   space 10752K, 0% used [0x0000000773400000,0x0000000773400000,0x0000000773e80000)
 ParOldGen       total 175104K, used 16K [0x00000006c1c00000, 0x00000006cc700000, 0x000000076b400000)
  object space 175104K, 0% used [0x00000006c1c00000,0x00000006c1c04000,0x00000006cc700000)
 Metaspace       used 18144K, capacity 18354K, committed 18432K, reserved 1064960K
  class space    used 2206K, capacity 2250K, committed 2304K, reserved 1048576K
}
Event: 30.227 GC heap before
{Heap before GC invocations=3 (full 0):
 PSYoungGen      total 141824K, used 141804K [0x000000076b400000, 0x0000000774900000, 0x00000007c0000000)
  eden space 131072K, 100% used [0x000000076b400000,0x0000000773400000,0x0000000773400000)
  from space 10752K, 99% used [0x0000000773e80000,0x00000007748fb2f0,0x0000000774900000)
  to   space 10752K, 0% used [0x0000000773400000,0x0000000773400000,0x0000000773e80000)
 ParOldGen       total 175104K, used 16K [0x00000006c1c00000, 0x00000006cc700000, 0x000000076b400000)
  object space 175104K, 0% used [0x00000006c1c00000,0x00000006c1c04000,0x00000006cc700000)
 Metaspace       used 20041K, capacity 20382K, committed 20480K, reserved 1067008K
  class space    used 2441K, capacity 2528K, committed 2560K, reserved 1048576K
Event: 31.690 GC heap after
Heap after GC invocations=3 (full 0):
 PSYoungGen      total 141824K, used 10728K [0x000000076b400000, 0x0000000774900000, 0x00000007c0000000)
  eden space 131072K, 0% used [0x000000076b400000,0x000000076b400000,0x0000000773400000)
  from space 10752K, 99% used [0x0000000773400000,0x0000000773e7a148,0x0000000773e80000)
  to   space 10752K, 0% used [0x0000000773e80000,0x0000000773e80000,0x0000000774900000)
 ParOldGen       total 175104K, used 1006K [0x00000006c1c00000, 0x00000006cc700000, 0x000000076b400000)
  object space 175104K, 0% used [0x00000006c1c00000,0x00000006c1cfb878,0x00000006cc700000)
 Metaspace       used 20041K, capacity 20382K, committed 20480K, reserved 1067008K
  class space    used 2441K, capacity 2528K, committed 2560K, reserved 1048576K
}

Deoptimization events (10 events):
Event: 29.422 Thread 0x000000000224b000 Uncommon trap: reason=array_check action=maybe_recompile pc=0x00000000030ba9ec method=java.util.AbstractCollection.toArray([Ljava/lang/Object;)[Ljava/lang/Object; @ 119
Event: 29.423 Thread 0x000000000224b000 Uncommon trap: reason=array_check action=maybe_recompile pc=0x00000000030ba9ec method=java.util.AbstractCollection.toArray([Ljava/lang/Object;)[Ljava/lang/Object; @ 119
Event: 29.817 Thread 0x000000000224b000 Uncommon trap: reason=class_check action=maybe_recompile pc=0x00000000030caa24 method=java.util.AbstractCollection.isEmpty()Z @ 1
Event: 29.823 Thread 0x000000000224b000 Uncommon trap: reason=class_check action=maybe_recompile pc=0x00000000030caa24 method=java.util.AbstractCollection.isEmpty()Z @ 1
Event: 29.828 Thread 0x000000000224b000 Uncommon trap: reason=class_check action=maybe_recompile pc=0x00000000030caa24 method=java.util.AbstractCollection.isEmpty()Z @ 1
Event: 31.752 Thread 0x000000000224b000 Uncommon trap: reason=predicate action=maybe_recompile pc=0x0000000003144250 method=org.springframework.core.type.classreading.AnnotationReadingVisitorUtils.convertClassValues(Ljava/lang/Object;Ljava/lang/ClassLoader;Lorg/springframework/core/annotation/An4Ïb%eÒ?@
Event: 31.943 Thread 0x000000000224b000 Uncommon trap: reason=array_check action=maybe_recompile pc=0x0000000002a5c5a4 method=org.springframework.core.type.classreading.AnnotationReadingVisitorUtils.convertClassValues(Ljava/lang/Object;Ljava/lang/ClassLoader;Lorg/springframework/core/annotation/´“~kÒ?@
Event: 31.943 Thread 0x000000000224b000 Uncommon trap: reason=array_check action=maybe_recompile pc=0x0000000002a5c5a4 method=org.springframework.core.type.classreading.AnnotationReadingVisitorUtils.convertClassValues(Ljava/lang/Object;Ljava/lang/ClassLoader;Lorg/springframework/core/annotation/è%£‚nÒ?@
Event: 31.943 Thread 0x000000000224b000 Uncommon trap: reason=array_check action=maybe_recompile pc=0x0000000002a5c5a4 method=org.springframework.core.type.classreading.AnnotationReadingVisitorUtils.convertClassValues(Ljava/lang/Object;Ljava/lang/ClassLoader;Lorg/springframework/core/annotation/Fz™vrÒ?@
Event: 31.943 Thread 0x000000000224b000 Uncommon trap: reason=array_check action=maybe_recompile pc=0x0000000002a5c5a4 method=org.springframework.core.type.classreading.AnnotationReadingVisitorUtils.convertClassValues(Ljava/lang/Object;Ljava/lang/ClassLoader;Lorg/springframework/core/annotation/‚›m='l=@

Internal exceptions (10 events):
Event: 32.043 Thread 0x000000000224b000 Exception <a 'java/security/PrivilegedActionException'> (0x000000076e0a7be8) thrown at [C:\workspace\8-2-build-windows-amd64-cygwin\jdk8u31\2394\hotspot\src\share\vm\prims\jvm.cpp, line 1312]
Event: 32.043 Thread 0x000000000224b000 Exception <a 'java/security/PrivilegedActionException'> (0x000000076e0b1bc8) thrown at [C:\workspace\8-2-build-windows-amd64-cygwin\jdk8u31\2394\hotspot\src\share\vm\prims\jvm.cpp, line 1312]
Event: 32.043 Thread 0x000000000224b000 Exception <a 'java/security/PrivilegedActionException'> (0x000000076e0b5fe0) thrown at [C:\workspace\8-2-build-windows-amd64-cygwin\jdk8u31\2394\hotspot\src\share\vm\prims\jvm.cpp, line 1312]
Event: 32.044 Thread 0x000000000224b000 Exception <a 'java/security/PrivilegedActionException'> (0x000000076e0bc978) thrown at [C:\workspace\8-2-build-windows-amd64-cygwin\jdk8u31\2394\hotspot\src\share\vm\prims\jvm.cpp, line 1312]
Event: 32.044 Thread 0x000000000224b000 Exception <a 'java/security/PrivilegedActionException'> (0x000000076e0bd190) thrown at [C:\workspace\8-2-build-windows-amd64-cygwin\jdk8u31\2394\hotspot\src\share\vm\prims\jvm.cpp, line 1312]
Event: 32.044 Thread 0x000000000224b000 Exception <a 'java/security/PrivilegedActionException'> (0x000000076e0c3b18) thrown at [C:\workspace\8-2-build-windows-amd64-cygwin\jdk8u31\2394\hotspot\src\share\vm\prims\jvm.cpp, line 1312]
Event: 32.044 Thread 0x000000000224b000 Exception <a 'java/security/PrivilegedActionException'> (0x000000076e0c4368) thrown at [C:\workspace\8-2-build-windows-amd64-cygwin\jdk8u31\2394\hotspot\src\share\vm\prims\jvm.cpp, line 1312]
Event: 32.044 Thread 0x000000000224b000 Exception <a 'java/security/PrivilegedActionException'> (0x000000076e0ce360) thrown at [C:\workspace\8-2-build-windows-amd64-cygwin\jdk8u31\2394\hotspot\src\share\vm\prims\jvm.cpp, line 1312]
Event: 32.044 Thread 0x000000000224b000 Exception <a 'java/security/PrivilegedActionException'> (0x000000076e0ceeb8) thrown at [C:\workspace\8-2-build-windows-amd64-cygwin\jdk8u31\2394\hotspot\src\share\vm\prims\jvm.cpp, line 1312]
Event: 32.044 Thread 0x000000000224b000 Exception <a 'java/security/PrivilegedActionException'> (0x000000076e0d8e98) thrown at [C:\workspace\8-2-build-windows-amd64-cygwin\jdk8u31\2394\hotspot\src\share\vm\prims\jvm.cpp, line 1312]

Events (10 events):
Event: 32.043 loading class org/springframework/data/couchbase/repository$CouchbaseRepository
Event: 32.043 loading class org/springframework/data/couchbase/repository$CouchbaseRepository done
Event: 32.043 loading class com/couchbase/client/java/Bucket
Event: 32.043 loading class com/couchbase/client/java/Bucket done
Event: 32.044 loading class com/couchbase/client/java$Bucket
Event: 32.044 loading class com/couchbase/client/java$Bucket done
Event: 32.044 loading class org/springframework/data/couchbase/repository/CouchbaseRepository
Event: 32.044 loading class org/springframework/data/couchbase/repository/CouchbaseRepository done
Event: 32.044 loading class org/springframework/data/couchbase/repository$CouchbaseRepository
Event: 32.044 loading class org/springframework/data/couchbase/repository$CouchbaseRepository done


Dynamic libraries:
0x000000013f7c0000 - 0x000000013f7f4000 	C:\Program Files\Java\jre1.8.0_31\bin\javaw.exe
0x0000000077410000 - 0x00000000775ba000 	C:\windows\SYSTEM32\ntdll.dll
0x00000000772f0000 - 0x000000007740f000 	C:\windows\system32\kernel32.dll
0x000007fefd280000 - 0x000007fefd2ea000 	C:\windows\system32\KERNELBASE.dll
0x000007fefe560000 - 0x000007fefe63b000 	C:\windows\system32\ADVAPI32.dll
0x000007feff370000 - 0x000007feff40f000 	C:\windows\system32\msvcrt.dll
0x000007feff410000 - 0x000007feff42f000 	C:\windows\SYSTEM32\sechost.dll
0x000007fefee30000 - 0x000007fefef5d000 	C:\windows\system32\RPCRT4.dll
0x00000000771f0000 - 0x00000000772ea000 	C:\windows\system32\USER32.dll
0x000007fefe2e0000 - 0x000007fefe347000 	C:\windows\system32\GDI32.dll
0x000007fefec30000 - 0x000007fefec3e000 	C:\windows\system32\LPK.dll
0x000007fefef60000 - 0x000007feff02a000 	C:\windows\system32\USP10.dll
0x000007fefbc60000 - 0x000007fefbe54000 	C:\windows\WinSxS\amd64_microsoft.windows.common-controls_6595b64144ccf1df_6.0.7601.18837_none_fa3b1e3d17594757\COMCTL32.dll
0x000007feff2f0000 - 0x000007feff361000 	C:\windows\system32\SHLWAPI.dll
0x000007fefe350000 - 0x000007fefe37e000 	C:\windows\system32\IMM32.DLL
0x000007fefe850000 - 0x000007fefe959000 	C:\windows\system32\MSCTF.dll
0x00000000687d0000 - 0x00000000688a2000 	C:\Program Files\Java\jre1.8.0_31\bin\msvcr100.dll
0x000000005b590000 - 0x000000005bdea000 	C:\Program Files\Java\jre1.8.0_31\bin\server\jvm.dll
0x000007fefa750000 - 0x000007fefa759000 	C:\windows\system32\WSOCK32.dll
0x000007feff2a0000 - 0x000007feff2ed000 	C:\windows\system32\WS2_32.dll
0x000007fefee00000 - 0x000007fefee08000 	C:\windows\system32\NSI.dll
0x000007fefc150000 - 0x000007fefc18b000 	C:\windows\system32\WINMM.dll
0x00000000775e0000 - 0x00000000775e7000 	C:\windows\system32\PSAPI.DLL
0x0000000073c30000 - 0x0000000073c3f000 	C:\Program Files\Java\jre1.8.0_31\bin\verify.dll
0x0000000073960000 - 0x0000000073988000 	C:\Program Files\Java\jre1.8.0_31\bin\java.dll
0x0000000068950000 - 0x0000000068966000 	C:\Program Files\Java\jre1.8.0_31\bin\zip.dll
0x000007fefd550000 - 0x000007fefe2da000 	C:\windows\system32\SHELL32.dll
0x000007fefe640000 - 0x000007fefe843000 	C:\windows\system32\ole32.dll
0x000007fefd190000 - 0x000007fefd19f000 	C:\windows\system32\profapi.dll
0x00000000676d0000 - 0x00000000676dd000 	C:\Program Files\Java\jre1.8.0_31\bin\management.dll
0x0000000068910000 - 0x000000006892a000 	C:\Program Files\Java\jre1.8.0_31\bin\net.dll
0x000007fefc910000 - 0x000007fefc965000 	C:\windows\system32\mswsock.dll
0x000007fefcad0000 - 0x000007fefcad7000 	C:\windows\System32\wship6.dll
0x000007fefa5a0000 - 0x000007fefa5b5000 	C:\windows\system32\NLAapi.dll
0x000007feed0f0000 - 0x000007feed105000 	C:\windows\system32\napinsp.dll
0x000007feecba0000 - 0x000007feecbb9000 	C:\windows\system32\pnrpnsp.dll
0x000007fefc750000 - 0x000007fefc7ab000 	C:\windows\system32\DNSAPI.dll
0x000007feed0e0000 - 0x000007feed0eb000 	C:\windows\System32\winrnr.dll
0x000007feecb90000 - 0x000007feecba0000 	C:\windows\system32\wshbth.dll
0x000000006ff40000 - 0x000000006ff66000 	C:\Program Files\Bonjour\mdnsNSP.dll
0x000007fefaea0000 - 0x000007fefaec7000 	C:\windows\system32\Iphlpapi.DLL
0x000007fefad40000 - 0x000007fefad4b000 	C:\windows\system32\WINNSI.DLL
0x000007fefc280000 - 0x000007fefc287000 	C:\windows\System32\wshtcpip.dll
0x000007fef41c0000 - 0x000007fef41c8000 	C:\windows\system32\rasadhlp.dll
0x000007fef9590000 - 0x000007fef95e3000 	C:\windows\System32\fwpuclnt.dll
0x0000000068930000 - 0x0000000068941000 	C:\Program Files\Java\jre1.8.0_31\bin\nio.dll
0x000007feeccf0000 - 0x000007feece15000 	C:\windows\system32\dbghelp.dll

VM Arguments:
jvm_args: -Dfile.encoding=UTF-8 
java_command: audit.client.WorkflowGenericParticipant --a --port 8106 --name Participant6
java_class_path (initial): C:\Program Files\Java\jre1.8.0_31\lib\resources.jar;C:\Program Files\Java\jre1.8.0_31\lib\rt.jar;C:\Program Files\Java\jre1.8.0_31\lib\jsse.jar;C:\Program Files\Java\jre1.8.0_31\lib\jce.jar;C:\Program Files\Java\jre1.8.0_31\lib\charsets.jar;C:\Program Files\Java\jre1.8.0_31\lib\jfr.jar;C:\Program Files\Java\jre1.8.0_31\lib\ext\access-bridge-64.jar;C:\Program Files\Java\jre1.8.0_31\lib\ext\cldrdata.jar;C:\Program Files\Java\jre1.8.0_31\lib\ext\dnsns.jar;C:\Program Files\Java\jre1.8.0_31\lib\ext\dns_sd.jar;C:\Program Files\Java\jre1.8.0_31\lib\ext\jaccess.jar;C:\Program Files\Java\jre1.8.0_31\lib\ext\jfxrt.jar;C:\Program Files\Java\jre1.8.0_31\lib\ext\localedata.jar;C:\Program Files\Java\jre1.8.0_31\lib\ext\nashorn.jar;C:\Program Files\Java\jre1.8.0_31\lib\ext\sunec.jar;C:\Program Files\Java\jre1.8.0_31\lib\ext\sunjce_provider.jar;C:\Program Files\Java\jre1.8.0_31\lib\ext\sunmscapi.jar;C:\Program Files\Java\jre1.8.0_31\lib\ext\sunpkcs11.jar;C:\Program Files\Java\jre1.8.0_31\lib\ext\zipfs.jar;C:\Users\USP54\eclipse-workspace-audit-paper3\AuditProject\AuditProject\client\target\classes;C:\Users\USP54\.m2\repository\com\github\stephenc\jcip\jcip-annotations\1.0-1\jcip-annotations-1.0-1.jar;C:\Users\USP54\.m2\repository\net\minidev\json-smart\2.3\json-smart-2.3.jar;C:\Users\USP54\.m2\repository\net\minidev\accessors-smart\1.2\accessors-smart-1.2.jar;C:\Users\USP54\.m2\repository\org\ow2\asm\asm\5.0.4\asm-5.0.4.jar;C:\Users\USP54\.m2\repository\org\bouncycastle\bcprov-jdk15on\1.59\bcprov-jdk15on-1.59.jar;C:\Users\USP54\.m2\repository\org\bouncycastle\bcpkix-jdk15on\1.60\bcpkix-jdk15on-1.60.jar;C:\Users\USP54\.m2\repository\org\slf4j\slf4j-api\1.7.22\slf4j-api-1.7.22.jar;C:\Users\USP54\.m2\repository\com\google\crypto\tink\tink\1.2.0\tink-1.2.0.jar;C:\Users\USP54\.m2\repository\com\amazonaws\aws-java-sdk-core\1.11.166\aws-java-sdk-core-1.11.166.jar;C:\Users\USP54\.m2\repository\software\amazon\ion\ion-java\1.0.2\ion-java-1.0.2.jar;C:\Users\USP54
Launcher Type: SUN_STANDARD

Environment Variables:
JAVA_HOME=C:\Program Files\Java\jdk1.8.0
CLASSPATH=.;
PATH=C:\windows;C:\windows\system32;C:\windows\system32\Wbem;C:\Program Files (x86)\PC Connectivity Solution\;C:\ProgramData\Oracle\Java\javapath;C:\Program Files (x86)\MySQL\MySQL Utilities 1.3.4\;C:\Program Files\Java\jdk1.7.0_51\bin;C:\Program Files\Java\jdk1.8.0\bin;C:\Program Files\Java\jre7\bin;C:\Program Files\Java\jre8\bin;C:\Program Files (x86)\MiKTeX 2.9\miktex\bin\;C:\Program Files (x86)\Heroku\bin;C:\Program Files (x86)\git\cmd;C:\Program Files (x86)\Git\cmd;C:\Python34\;C:\Program Files (x86)\Microsoft SQL Server\100\Tools\Binn\;C:\Program Files\Microsoft SQL Server\100\Tools\Binn\;C:\Program Files\Microsoft SQL Server\100\DTS\Binn\;C:\Python34;C:\Python34\Scripts;C:\ProgramData\ComposerSetup\bin;C:\wamp64\bin\php\php5.6.16;C:\Program Files\Microsoft SQL Server\130\Tools\Binn\;C:\Program Files (x86)\Microsoft SQL Server\Client SDK\ODBC\130\Tools\Binn\;C:\Program Files (x86)\Microsoft SQL Server\130\Tools\Binn\;C:\Program Files (x86)\Microsoft SQL Server\130\DTS\Binn\;C:\Program Files (x86)\Microsoft SQL Server\130\Tools\Binn\ManagementStudio\;C:\Program Files\Microsoft SQL Server\Client SDK\ODBC\110\Tools\Binn\;C:\Program Files (x86)\Microsoft SQL Server\120\Tools\Binn\;C:\Program Files\Microsoft SQL Server\120\Tools\Binn\;C:\Program Files\Microsoft SQL Server\120\DTS\Binn\;C:\Ruby24-x64\bin;C:\Program Files\nodejs\;C:\Ruby24-x64\bin;C:\Users\USP54\AppData\Roaming\npm; C:\Program Files\MySQL\MySQL Server 5.6\bin;C:\Program Files\apache-maven-3.5.2\bin;C:\row\Ruby23-x64\bin;C:\Ruby24-x64\bin;C:\wamp64\bin\php\php5.6.16;C:\Users\USP54\AppData\Roaming\Composer\vendor\bin;C:\Users\USP54\AppData\Roaming\npm;C:\Program Files\MySQL\MySQL Server 5.6\bin;C:\Users\USP54\AppData\Roaming\Dashlane\5.8.0.17084\bin\Firefox_Extension\{442718d9-475e-452a-b3e1-fb1ee16b8e9f}\components;C:\Users\USP54\AppData\Roaming\Dashlane\5.8.0.17084\ucrt
USERNAME=USP54
OS=Windows_NT
PROCESSOR_IDENTIFIER=Intel64 Family 6 Model 58 Stepping 9, GenuineIntel



---------------  S Y S T E M  ---------------

OS: Windows 7 , 64 bit Build 7601 Service Pack 1

CPU:total 4 (2 cores per cpu, 2 threads per core) family 6 model 58 stepping 9, cmov, cx8, fxsr, mmx, sse, sse2, sse3, ssse3, sse4.1, sse4.2, popcnt, avx, aes, clmul, erms, ht, tsc, tscinvbit, tscinv

Memory: 4k page, physical 16654916k(5004028k free), swap 27914196k(818212k free)

vm_info: Java HotSpot(TM) 64-Bit Server VM (25.31-b07) for windows-amd64 JRE (1.8.0_31-b13), built on Dec 17 2014 21:00:28 by "java_re" with MS VC++ 10.0 (VS2010)

time: Wed May 22 18:59:56 2019
elapsed time: 32 seconds (0d 0h 0m 32s)

