#
# There is insufficient memory for the Java Runtime Environment to continue.
# Native memory allocation (malloc) failed to allocate 999696 bytes for Chunk::new
# Possible reasons:
#   The system is out of physical RAM or swap space
#   In 32 bit mode, the process size limit was hit
# Possible solutions:
#   Reduce memory load on the system
#   Increase physical memory or swap space
#   Check if swap backing store is full
#   Use 64 bit Java on a 64 bit OS
#   Decrease Java heap size (-Xmx/-Xms)
#   Decrease number of Java threads
#   Decrease Java thread stack sizes (-Xss)
#   Set larger code cache with -XX:ReservedCodeCacheSize=
# This output file may be truncated or incomplete.
#
#  Out of Memory Error (allocation.cpp:390), pid=11848, tid=23064
#
# JRE version: Java(TM) SE Runtime Environment (8.0_31-b13) (build 1.8.0_31-b13)
# Java VM: Java HotSpot(TM) 64-Bit Server VM (25.31-b07 mixed mode windows-amd64 compressed oops)
# Failed to write core dump. Minidumps are not enabled by default on client versions of Windows
#

---------------  T H R E A D  ---------------

Current thread (0x000000001d5a8800):  JavaThread "C2 CompilerThread1" daemon [_thread_in_native, id=23064, stack(0x000000001da10000,0x000000001db10000)]

Stack: [0x000000001da10000,0x000000001db10000]
Native frames: (J=compiled Java code, j=interpreted, Vv=VM code, C=native code)
V  [jvm.dll+0x3169ba]
V  [jvm.dll+0x2674c3]
V  [jvm.dll+0x268103]
V  [jvm.dll+0x25f8f5]
V  [jvm.dll+0xbf025]
V  [jvm.dll+0xbf4cc]
V  [jvm.dll+0x45df82]
V  [jvm.dll+0x49f21f]
V  [jvm.dll+0x453401]
V  [jvm.dll+0x454124]
V  [jvm.dll+0x437c62]
V  [jvm.dll+0x988e2]
V  [jvm.dll+0x990d3]
V  [jvm.dll+0x22c194]
V  [jvm.dll+0x28576a]
C  [msvcr100.dll+0x21d9f]
C  [msvcr100.dll+0x21e3b]
C  [kernel32.dll+0x159bd]
C  [ntdll.dll+0x2a2e1]


Current CompileTask:
C2: 227131 3911       4       java.net.URLStreamHandler::parseURL (1158 bytes)


---------------  P R O C E S S  ---------------

Java Threads: ( => current thread )
  0x0000000022039800 JavaThread "Keep-Alive-Timer" daemon [_thread_blocked, id=21364, stack(0x0000000020200000,0x0000000020300000)]
  0x0000000022039000 JavaThread "http-nio-8103-exec-1" daemon [_thread_blocked, id=10632, stack(0x0000000021d20000,0x0000000021e20000)]
  0x000000001fa60000 JavaThread "http-nio-8103-AsyncTimeout" daemon [_thread_blocked, id=17072, stack(0x0000000026830000,0x0000000026930000)]
  0x000000001fa5f000 JavaThread "http-nio-8103-Acceptor-0" daemon [_thread_in_native, id=6676, stack(0x00000000265f0000,0x00000000266f0000)]
  0x000000001fa5c800 JavaThread "http-nio-8103-ClientPoller-1" daemon [_thread_in_native, id=29040, stack(0x00000000262a0000,0x00000000263a0000)]
  0x000000001fa5a800 JavaThread "http-nio-8103-ClientPoller-0" daemon [_thread_blocked, id=28884, stack(0x00000000263f0000,0x00000000264f0000)]
  0x000000001fb5a000 JavaThread "NioBlockingSelector.BlockPoller-1" daemon [_thread_in_native, id=22156, stack(0x0000000026130000,0x0000000026230000)]
  0x000000001e45d000 JavaThread "container-0" [_thread_blocked, id=10368, stack(0x0000000020340000,0x0000000020440000)]
  0x000000001e300800 JavaThread "ContainerBackgroundProcessor[StandardEngine[Tomcat]]" daemon [_thread_blocked, id=27232, stack(0x0000000025430000,0x0000000025530000)]
  0x000000001d5e8000 JavaThread "Service Thread" daemon [_thread_blocked, id=24016, stack(0x000000001e050000,0x000000001e150000)]
  0x000000001d5aa000 JavaThread "C1 CompilerThread2" daemon [_thread_blocked, id=13108, stack(0x000000001ddb0000,0x000000001deb0000)]
=>0x000000001d5a8800 JavaThread "C2 CompilerThread1" daemon [_thread_in_native, id=23064, stack(0x000000001da10000,0x000000001db10000)]
  0x000000001d5a6800 JavaThread "C2 CompilerThread0" daemon [_thread_in_native, id=25368, stack(0x000000001dcb0000,0x000000001ddb0000)]
  0x000000001d5a5000 JavaThread "Attach Listener" daemon [_thread_blocked, id=15040, stack(0x000000001db50000,0x000000001dc50000)]
  0x000000001d5a2800 JavaThread "Signal Dispatcher" daemon [_thread_blocked, id=26908, stack(0x000000001d1e0000,0x000000001d2e0000)]
  0x000000001c149800 JavaThread "Finalizer" daemon [_thread_blocked, id=17116, stack(0x000000001d4a0000,0x000000001d5a0000)]
  0x000000001c140800 JavaThread "Reference Handler" daemon [_thread_blocked, id=20948, stack(0x000000001d300000,0x000000001d400000)]
  0x000000000214b000 JavaThread "main" [_thread_in_native, id=13148, stack(0x0000000002580000,0x0000000002680000)]

Other Threads:
  0x000000001c13d000 VMThread [stack: 0x000000001d090000,0x000000001d190000] [id=22120]
  0x000000001d5fb000 WatcherThread [stack: 0x000000001deb0000,0x000000001dfb0000] [id=17700]

VM state:at safepoint (normal execution)

VM Mutex/Monitor currently owned by a thread:  ([mutex/lock_event])
[0x0000000002149800] Threads_lock - owner thread: 0x000000001c13d000
[0x0000000002149d00] Heap_lock - owner thread: 0x0000000022039000

Heap:
 PSYoungGen      total 536576K, used 12258K [0x000000076b400000, 0x000000078cc00000, 0x00000007c0000000)
  eden space 524288K, 0% used [0x000000076b400000,0x000000076b400000,0x000000078b400000)
  from space 12288K, 99% used [0x000000078b400000,0x000000078bff8ae0,0x000000078c000000)
  to   space 12288K, 0% used [0x000000078c000000,0x000000078c000000,0x000000078cc00000)
 ParOldGen       total 82944K, used 16348K [0x00000006c1c00000, 0x00000006c6d00000, 0x000000076b400000)
  object space 82944K, 19% used [0x00000006c1c00000,0x00000006c2bf71d8,0x00000006c6d00000)
 Metaspace       used 32489K, capacity 32868K, committed 33024K, reserved 1083392K
  class space    used 3980K, capacity 4071K, committed 4096K, reserved 1048576K

Card table byte_map: [0x0000000011d10000,0x0000000012510000] byte_map_base: 0x000000000e702000

Marking Bits: (ParMarkBitMap*) 0x000000005bd6d4f0
 Begin Bits: [0x0000000013090000, 0x0000000017020000)
 End Bits:   [0x0000000017020000, 0x000000001afb0000)

Polling page: 0x0000000000320000

CodeCache: size=245760Kb used=12832Kb max_used=12832Kb free=232927Kb
 bounds [0x0000000002950000, 0x00000000035f0000, 0x0000000011950000]
 total_blobs=3725 nmethods=3312 adapters=326
 compilation: enabled

Compilation events (10 events):
Event: 226.795 Thread 0x000000001d5aa000 3915       3       java.math.MutableBigInteger::compare (106 bytes)
Event: 226.795 Thread 0x000000001d5aa000 nmethod 3915 0x000000000341e250 code [0x000000000341e3e0, 0x000000000341e790]
Event: 226.795 Thread 0x000000001d5aa000 3913       3       java.math.BigInteger::intArrayCmpToLen (55 bytes)
Event: 226.795 Thread 0x000000001d5aa000 nmethod 3913 0x000000000341dc10 code [0x000000000341dd80, 0x000000000341e070]
Event: 226.795 Thread 0x000000001d5aa000 3919       1       com.fasterxml.jackson.databind.cfg.BaseSettings::getAnnotationIntrospector (5 bytes)
Event: 226.796 Thread 0x000000001d5aa000 nmethod 3919 0x000000000341d950 code [0x000000000341daa0, 0x000000000341dbb0]
Event: 226.796 Thread 0x000000001d5aa000 3920       1       com.fasterxml.jackson.databind.JavaType::getRawClass (5 bytes)
Event: 226.796 Thread 0x000000001d5aa000 nmethod 3920 0x000000000341d690 code [0x000000000341d7e0, 0x000000000341d8f0]
Event: 226.819 Thread 0x000000001d5aa000 3921       3       java.lang.Integer::parseInt (261 bytes)
Event: 226.823 Thread 0x000000001d5aa000 nmethod 3921 0x00000000035db5d0 code [0x00000000035dbca0, 0x00000000035e0888]

GC Heap History (10 events):
Event: 10.689 GC heap before
{Heap before GC invocations=3 (full 0):
 PSYoungGen      total 141824K, used 141801K [0x000000076b400000, 0x0000000774900000, 0x00000007c0000000)
  eden space 131072K, 100% used [0x000000076b400000,0x0000000773400000,0x0000000773400000)
  from space 10752K, 99% used [0x0000000773e80000,0x00000007748fa4d0,0x0000000774900000)
  to   space 10752K, 0% used [0x0000000773400000,0x0000000773400000,0x0000000773e80000)
 ParOldGen       total 175104K, used 500K [0x00000006c1c00000, 0x00000006cc700000, 0x000000076b400000)
  object space 175104K, 0% used [0x00000006c1c00000,0x00000006c1c7d030,0x00000006cc700000)
 Metaspace       used 19893K, capacity 20204K, committed 20480K, reserved 1067008K
  class space    used 2412K, capacity 2493K, committed 2560K, reserved 1048576K
Event: 10.946 GC heap after
Heap after GC invocations=3 (full 0):
 PSYoungGen      total 141824K, used 10744K [0x000000076b400000, 0x000000077c900000, 0x00000007c0000000)
  eden space 131072K, 0% used [0x000000076b400000,0x000000076b400000,0x0000000773400000)
  from space 10752K, 99% used [0x0000000773400000,0x0000000773e7e160,0x0000000773e80000)
  to   space 10752K, 0% used [0x000000077be80000,0x000000077be80000,0x000000077c900000)
 ParOldGen       total 175104K, used 810K [0x00000006c1c00000, 0x00000006cc700000, 0x000000076b400000)
  object space 175104K, 0% used [0x00000006c1c00000,0x00000006c1cca990,0x00000006cc700000)
 Metaspace       used 19893K, capacity 20204K, committed 20480K, reserved 1067008K
  class space    used 2412K, capacity 2493K, committed 2560K, reserved 1048576K
}
Event: 12.922 GC heap before
{Heap before GC invocations=4 (full 0):
 PSYoungGen      total 141824K, used 141816K [0x000000076b400000, 0x000000077c900000, 0x00000007c0000000)
  eden space 131072K, 100% used [0x000000076b400000,0x0000000773400000,0x0000000773400000)
  from space 10752K, 99% used [0x0000000773400000,0x0000000773e7e160,0x0000000773e80000)
  to   space 10752K, 0% used [0x000000077be80000,0x000000077be80000,0x000000077c900000)
 ParOldGen       total 175104K, used 810K [0x00000006c1c00000, 0x00000006cc700000, 0x000000076b400000)
  object space 175104K, 0% used [0x00000006c1c00000,0x00000006c1cca990,0x00000006cc700000)
 Metaspace       used 20206K, capacity 20510K, committed 20736K, reserved 1067008K
  class space    used 2443K, capacity 2528K, committed 2560K, reserved 1048576K
Event: 13.575 GC heap after
Heap after GC invocations=4 (full 0):
 PSYoungGen      total 272896K, used 10152K [0x000000076b400000, 0x000000077c900000, 0x00000007c0000000)
  eden space 262144K, 0% used [0x000000076b400000,0x000000076b400000,0x000000077b400000)
  from space 10752K, 94% used [0x000000077be80000,0x000000077c86a270,0x000000077c900000)
  to   space 10752K, 0% used [0x000000077b400000,0x000000077b400000,0x000000077be80000)
 ParOldGen       total 175104K, used 810K [0x00000006c1c00000, 0x00000006cc700000, 0x000000076b400000)
  object space 175104K, 0% used [0x00000006c1c00000,0x00000006c1cca990,0x00000006cc700000)
 Metaspace       used 20206K, capacity 20510K, committed 20736K, reserved 1067008K
  class space    used 2443K, capacity 2528K, committed 2560K, reserved 1048576K
}
Event: 17.382 GC heap before
{Heap before GC invocations=5 (full 0):
 PSYoungGen      total 272896K, used 272296K [0x000000076b400000, 0x000000077c900000, 0x00000007c0000000)
  eden space 262144K, 100% used [0x000000076b400000,0x000000077b400000,0x000000077b400000)
  from space 10752K, 94% used [0x000000077be80000,0x000000077c86a270,0x000000077c900000)
  to   space 10752K, 0% used [0x000000077b400000,0x000000077b400000,0x000000077be80000)
 ParOldGen       total 175104K, used 810K [0x00000006c1c00000, 0x00000006cc700000, 0x000000076b400000)
  object space 175104K, 0% used [0x00000006c1c00000,0x00000006c1cca990,0x00000006cc700000)
 Metaspace       used 20218K, capacity 20574K, committed 20736K, reserved 1067008K
  class space    used 2443K, capacity 2528K, committed 2560K, reserved 1048576K
Event: 17.411 GC heap after
Heap after GC invocations=5 (full 0):
 PSYoungGen      total 272896K, used 9921K [0x000000076b400000, 0x000000078cc00000, 0x00000007c0000000)
  eden space 262144K, 0% used [0x000000076b400000,0x000000076b400000,0x000000077b400000)
  from space 10752K, 92% used [0x000000077b400000,0x000000077bdb0640,0x000000077be80000)
  to   space 12288K, 0% used [0x000000078c000000,0x000000078c000000,0x000000078cc00000)
 ParOldGen       total 175104K, used 818K [0x00000006c1c00000, 0x00000006cc700000, 0x000000076b400000)
  object space 175104K, 0% used [0x00000006c1c00000,0x00000006c1ccc990,0x00000006cc700000)
 Metaspace       used 20218K, capacity 20574K, committed 20736K, reserved 1067008K
  class space    used 2443K, capacity 2528K, committed 2560K, reserved 1048576K
}
Event: 18.082 GC heap before
{Heap before GC invocations=6 (full 0):
 PSYoungGen      total 272896K, used 30224K [0x000000076b400000, 0x000000078cc00000, 0x00000007c0000000)
  eden space 262144K, 7% used [0x000000076b400000,0x000000076c7d3ac8,0x000000077b400000)
  from space 10752K, 92% used [0x000000077b400000,0x000000077bdb0640,0x000000077be80000)
  to   space 12288K, 0% used [0x000000078c000000,0x000000078c000000,0x000000078cc00000)
 ParOldGen       total 175104K, used 818K [0x00000006c1c00000, 0x00000006cc700000, 0x000000076b400000)
  object space 175104K, 0% used [0x00000006c1c00000,0x00000006c1ccc990,0x00000006cc700000)
 Metaspace       used 20796K, capacity 21092K, committed 21296K, reserved 1069056K
  class space    used 2527K, capacity 2593K, committed 2688K, reserved 1048576K
Event: 18.161 GC heap after
Heap after GC invocations=6 (full 0):
 PSYoungGen      total 536576K, used 10679K [0x000000076b400000, 0x000000078cc00000, 0x00000007c0000000)
  eden space 524288K, 0% used [0x000000076b400000,0x000000076b400000,0x000000078b400000)
  from space 12288K, 86% used [0x000000078c000000,0x000000078ca6dc30,0x000000078cc00000)
  to   space 12288K, 0% used [0x000000078b400000,0x000000078b400000,0x000000078c000000)
 ParOldGen       total 175104K, used 826K [0x00000006c1c00000, 0x00000006cc700000, 0x000000076b400000)
  object space 175104K, 0% used [0x00000006c1c00000,0x00000006c1cce990,0x00000006cc700000)
 Metaspace       used 20796K, capacity 21092K, committed 21296K, reserved 1069056K
  class space    used 2527K, capacity 2593K, committed 2688K, reserved 1048576K
}
Event: 18.161 GC heap before
{Heap before GC invocations=7 (full 1):
 PSYoungGen      total 536576K, used 10679K [0x000000076b400000, 0x000000078cc00000, 0x00000007c0000000)
  eden space 524288K, 0% used [0x000000076b400000,0x000000076b400000,0x000000078b400000)
  from space 12288K, 86% used [0x000000078c000000,0x000000078ca6dc30,0x000000078cc00000)
  to   space 12288K, 0% used [0x000000078b400000,0x000000078b400000,0x000000078c000000)
 ParOldGen       total 175104K, used 826K [0x00000006c1c00000, 0x00000006cc700000, 0x000000076b400000)
  object space 175104K, 0% used [0x00000006c1c00000,0x00000006c1cce990,0x00000006cc700000)
 Metaspace       used 20796K, capacity 21092K, committed 21296K, reserved 1069056K
  class space    used 2527K, capacity 2593K, committed 2688K, reserved 1048576K
Event: 18.341 GC heap after
Heap after GC invocations=7 (full 1):
 PSYoungGen      total 536576K, used 0K [0x000000076b400000, 0x000000078cc00000, 0x00000007c0000000)
  eden space 524288K, 0% used [0x000000076b400000,0x000000076b400000,0x000000078b400000)
  from space 12288K, 0% used [0x000000078c000000,0x000000078c000000,0x000000078cc00000)
  to   space 12288K, 0% used [0x000000078b400000,0x000000078b400000,0x000000078c000000)
 ParOldGen       total 82944K, used 10546K [0x00000006c1c00000, 0x00000006c6d00000, 0x000000076b400000)
  object space 82944K, 12% used [0x00000006c1c00000,0x00000006c264c878,0x00000006c6d00000)
 Metaspace       used 20794K, capacity 21090K, committed 21296K, reserved 1069056K
  class space    used 2526K, capacity 2592K, committed 2688K, reserved 1048576K
}

Deoptimization events (10 events):
Event: 226.311 Thread 0x0000000022039000 Uncommon trap: reason=class_check action=maybe_recompile pc=0x000000000313f41c method=java.util.regex.Pattern$CharProperty$1.isSatisfiedBy(I)Z @ 5
Event: 226.311 Thread 0x0000000022039000 Uncommon trap: reason=class_check action=maybe_recompile pc=0x000000000313f41c method=java.util.regex.Pattern$CharProperty$1.isSatisfiedBy(I)Z @ 5
Event: 226.312 Thread 0x0000000022039000 Uncommon trap: reason=class_check action=maybe_recompile pc=0x000000000313f41c method=java.util.regex.Pattern$CharProperty$1.isSatisfiedBy(I)Z @ 5
Event: 226.328 Thread 0x0000000022039000 Uncommon trap: reason=bimorphic action=maybe_recompile pc=0x0000000003442008 method=java.net.URL.<init>(Ljava/net/URL;Ljava/lang/String;Ljava/net/URLStreamHandler;)V @ 504
Event: 226.328 Thread 0x0000000022039000 Uncommon trap: reason=class_check action=maybe_recompile pc=0x0000000002e789d8 method=java.net.URLStreamHandler.parseURL(Ljava/net/URL;Ljava/lang/String;II)V @ 1154
Event: 226.328 Thread 0x0000000022039000 Uncommon trap: reason=unreached action=reinterpret pc=0x0000000002c7dc40 method=java.net.URL.set(Ljava/lang/String;Ljava/lang/String;ILjava/lang/String;Ljava/lang/String;Ljava/lang/String;Ljava/lang/String;Ljava/lang/String;)V @ 23
Event: 226.368 Thread 0x0000000022039000 Uncommon trap: reason=unreached action=reinterpret pc=0x0000000002c56274 method=java.util.HashMap.putMapEntries(Ljava/util/Map;Z)V @ 15
Event: 226.523 Thread 0x0000000022039000 Uncommon trap: reason=bimorphic action=maybe_recompile pc=0x0000000003442008 method=java.net.URL.<init>(Ljava/net/URL;Ljava/lang/String;Ljava/net/URLStreamHandler;)V @ 504
Event: 226.523 Thread 0x0000000022039000 Uncommon trap: reason=class_check action=maybe_recompile pc=0x0000000002e789d8 method=java.net.URLStreamHandler.parseURL(Ljava/net/URL;Ljava/lang/String;II)V @ 1154
Event: 226.790 Thread 0x0000000022039000 Uncommon trap: reason=bimorphic action=maybe_recompile pc=0x0000000002d38f18 method=java.util.regex.Matcher.match(II)Z @ 86

Internal exceptions (10 events):
Event: 226.780 Thread 0x0000000022039000 Exception <a 'java/security/PrivilegedActionException'> (0x000000077c256180) thrown at [C:\workspace\8-2-build-windows-amd64-cygwin\jdk8u31\2394\hotspot\src\share\vm\prims\jvm.cpp, line 1312]
Event: 226.781 Thread 0x0000000022039000 Exception <a 'java/security/PrivilegedActionException'> (0x000000077c25fde0) thrown at [C:\workspace\8-2-build-windows-amd64-cygwin\jdk8u31\2394\hotspot\src\share\vm\prims\jvm.cpp, line 1312]
Event: 226.781 Thread 0x0000000022039000 Exception <a 'java/security/PrivilegedActionException'> (0x000000077c260bc8) thrown at [C:\workspace\8-2-build-windows-amd64-cygwin\jdk8u31\2394\hotspot\src\share\vm\prims\jvm.cpp, line 1312]
Event: 226.781 Thread 0x0000000022039000 Exception <a 'java/security/PrivilegedActionException'> (0x000000077c269cd8) thrown at [C:\workspace\8-2-build-windows-amd64-cygwin\jdk8u31\2394\hotspot\src\share\vm\prims\jvm.cpp, line 1312]
Event: 226.781 Thread 0x0000000022039000 Exception <a 'java/security/PrivilegedActionException'> (0x000000077c26acd0) thrown at [C:\workspace\8-2-build-windows-amd64-cygwin\jdk8u31\2394\hotspot\src\share\vm\prims\jvm.cpp, line 1312]
Event: 226.782 Thread 0x0000000022039000 Exception <a 'java/security/PrivilegedActionException'> (0x000000077c273dd8) thrown at [C:\workspace\8-2-build-windows-amd64-cygwin\jdk8u31\2394\hotspot\src\share\vm\prims\jvm.cpp, line 1312]
Event: 226.782 Thread 0x0000000022039000 Exception <a 'java/security/PrivilegedActionException'> (0x000000077c274978) thrown at [C:\workspace\8-2-build-windows-amd64-cygwin\jdk8u31\2394\hotspot\src\share\vm\prims\jvm.cpp, line 1312]
Event: 226.782 Thread 0x0000000022039000 Exception <a 'java/security/PrivilegedActionException'> (0x000000077c27a208) thrown at [C:\workspace\8-2-build-windows-amd64-cygwin\jdk8u31\2394\hotspot\src\share\vm\prims\jvm.cpp, line 1312]
Event: 226.782 Thread 0x0000000022039000 Exception <a 'java/security/PrivilegedActionException'> (0x000000077c27add8) thrown at [C:\workspace\8-2-build-windows-amd64-cygwin\jdk8u31\2394\hotspot\src\share\vm\prims\jvm.cpp, line 1312]
Event: 226.782 Thread 0x0000000022039000 Exception <a 'java/security/PrivilegedActionException'> (0x000000077c280550) thrown at [C:\workspace\8-2-build-windows-amd64-cygwin\jdk8u31\2394\hotspot\src\share\vm\prims\jvm.cpp, line 1312]

Events (10 events):
Event: 226.781 loading class com/fasterxml/jackson/datatype/joda/JodaModule done
Event: 226.781 loading class com/fasterxml/jackson/datatype/joda$JodaModule
Event: 226.781 loading class com/fasterxml/jackson/datatype/joda$JodaModule done
Event: 226.782 loading class kotlin/Unit
Event: 226.782 loading class kotlin/Unit done
Event: 226.782 loading class kotlin$Unit
Event: 226.782 loading class kotlin$Unit done
Event: 226.790 Thread 0x0000000022039000 Uncommon trap: trap_request=0xffffffc6 fr.pc=0x0000000002d38f18
Event: 226.790 Thread 0x0000000022039000 DEOPT PACKING pc=0x0000000002d38f18 sp=0x0000000021e1cde0
Event: 226.790 Thread 0x0000000022039000 DEOPT UNPACKING pc=0x000000000299556a sp=0x0000000021e1cdb0 mode 2


Dynamic libraries:
0x000000013f9a0000 - 0x000000013f9d4000 	C:\Program Files\Java\jre1.8.0_31\bin\javaw.exe
0x0000000077410000 - 0x00000000775ba000 	C:\windows\SYSTEM32\ntdll.dll
0x00000000772f0000 - 0x000000007740f000 	C:\windows\system32\kernel32.dll
0x000007fefd280000 - 0x000007fefd2ea000 	C:\windows\system32\KERNELBASE.dll
0x000007fefe560000 - 0x000007fefe63b000 	C:\windows\system32\ADVAPI32.dll
0x000007feff370000 - 0x000007feff40f000 	C:\windows\system32\msvcrt.dll
0x000007feff410000 - 0x000007feff42f000 	C:\windows\SYSTEM32\sechost.dll
0x000007fefee30000 - 0x000007fefef5d000 	C:\windows\system32\RPCRT4.dll
0x00000000771f0000 - 0x00000000772ea000 	C:\windows\system32\USER32.dll
0x000007fefe2e0000 - 0x000007fefe347000 	C:\windows\system32\GDI32.dll
0x000007fefec30000 - 0x000007fefec3e000 	C:\windows\system32\LPK.dll
0x000007fefef60000 - 0x000007feff02a000 	C:\windows\system32\USP10.dll
0x000007fefbc60000 - 0x000007fefbe54000 	C:\windows\WinSxS\amd64_microsoft.windows.common-controls_6595b64144ccf1df_6.0.7601.18837_none_fa3b1e3d17594757\COMCTL32.dll
0x000007feff2f0000 - 0x000007feff361000 	C:\windows\system32\SHLWAPI.dll
0x000007fefe350000 - 0x000007fefe37e000 	C:\windows\system32\IMM32.DLL
0x000007fefe850000 - 0x000007fefe959000 	C:\windows\system32\MSCTF.dll
0x00000000687d0000 - 0x00000000688a2000 	C:\Program Files\Java\jre1.8.0_31\bin\msvcr100.dll
0x000000005b590000 - 0x000000005bdea000 	C:\Program Files\Java\jre1.8.0_31\bin\server\jvm.dll
0x000007fefa750000 - 0x000007fefa759000 	C:\windows\system32\WSOCK32.dll
0x000007feff2a0000 - 0x000007feff2ed000 	C:\windows\system32\WS2_32.dll
0x000007fefee00000 - 0x000007fefee08000 	C:\windows\system32\NSI.dll
0x000007fefc150000 - 0x000007fefc18b000 	C:\windows\system32\WINMM.dll
0x00000000775e0000 - 0x00000000775e7000 	C:\windows\system32\PSAPI.DLL
0x0000000073c30000 - 0x0000000073c3f000 	C:\Program Files\Java\jre1.8.0_31\bin\verify.dll
0x0000000073960000 - 0x0000000073988000 	C:\Program Files\Java\jre1.8.0_31\bin\java.dll
0x0000000068950000 - 0x0000000068966000 	C:\Program Files\Java\jre1.8.0_31\bin\zip.dll
0x000007fefd550000 - 0x000007fefe2da000 	C:\windows\system32\SHELL32.dll
0x000007fefe640000 - 0x000007fefe843000 	C:\windows\system32\ole32.dll
0x000007fefd190000 - 0x000007fefd19f000 	C:\windows\system32\profapi.dll
0x0000000065ec0000 - 0x0000000065ecd000 	C:\Program Files\Java\jre1.8.0_31\bin\management.dll
0x0000000068930000 - 0x000000006894a000 	C:\Program Files\Java\jre1.8.0_31\bin\net.dll
0x000007fefc910000 - 0x000007fefc965000 	C:\windows\system32\mswsock.dll
0x000007fefcad0000 - 0x000007fefcad7000 	C:\windows\System32\wship6.dll
0x000007fefa5a0000 - 0x000007fefa5b5000 	C:\windows\system32\NLAapi.dll
0x000007feed0f0000 - 0x000007feed105000 	C:\windows\system32\napinsp.dll
0x000007feecba0000 - 0x000007feecbb9000 	C:\windows\system32\pnrpnsp.dll
0x000007fefc750000 - 0x000007fefc7ab000 	C:\windows\system32\DNSAPI.dll
0x000007feed0e0000 - 0x000007feed0eb000 	C:\windows\System32\winrnr.dll
0x000007feecb90000 - 0x000007feecba0000 	C:\windows\system32\wshbth.dll
0x000000006ff40000 - 0x000000006ff66000 	C:\Program Files\Bonjour\mdnsNSP.dll
0x000007fefaea0000 - 0x000007fefaec7000 	C:\windows\system32\Iphlpapi.DLL
0x000007fefad40000 - 0x000007fefad4b000 	C:\windows\system32\WINNSI.DLL
0x000007fefc280000 - 0x000007fefc287000 	C:\windows\System32\wshtcpip.dll
0x000007fef41c0000 - 0x000007fef41c8000 	C:\windows\system32\rasadhlp.dll
0x000007fef9590000 - 0x000007fef95e3000 	C:\windows\System32\fwpuclnt.dll
0x0000000068910000 - 0x0000000068921000 	C:\Program Files\Java\jre1.8.0_31\bin\nio.dll
0x000007fefc970000 - 0x000007fefc988000 	C:\windows\system32\CRYPTSP.dll
0x000007fefc670000 - 0x000007fefc6b7000 	C:\windows\system32\rsaenh.dll
0x000007fefd2f0000 - 0x000007fefd30e000 	C:\windows\system32\USERENV.dll
0x000007fefcf90000 - 0x000007fefcf9f000 	C:\windows\system32\CRYPTBASE.dll
0x000007fefad20000 - 0x000007fefad38000 	C:\windows\system32\dhcpcsvc.DLL
0x000007fef95f0000 - 0x000007fef9601000 	C:\windows\system32\dhcpcsvc6.DLL
0x000007feeccf0000 - 0x000007feece15000 	C:\windows\system32\dbghelp.dll

VM Arguments:
jvm_args: -Dfile.encoding=UTF-8 
java_command: audit.client.WorkflowGenericParticipant --a --port 8103 --name Participant3
java_class_path (initial): C:\Program Files\Java\jre1.8.0_31\lib\resources.jar;C:\Program Files\Java\jre1.8.0_31\lib\rt.jar;C:\Program Files\Java\jre1.8.0_31\lib\jsse.jar;C:\Program Files\Java\jre1.8.0_31\lib\jce.jar;C:\Program Files\Java\jre1.8.0_31\lib\charsets.jar;C:\Program Files\Java\jre1.8.0_31\lib\jfr.jar;C:\Program Files\Java\jre1.8.0_31\lib\ext\access-bridge-64.jar;C:\Program Files\Java\jre1.8.0_31\lib\ext\cldrdata.jar;C:\Program Files\Java\jre1.8.0_31\lib\ext\dnsns.jar;C:\Program Files\Java\jre1.8.0_31\lib\ext\dns_sd.jar;C:\Program Files\Java\jre1.8.0_31\lib\ext\jaccess.jar;C:\Program Files\Java\jre1.8.0_31\lib\ext\jfxrt.jar;C:\Program Files\Java\jre1.8.0_31\lib\ext\localedata.jar;C:\Program Files\Java\jre1.8.0_31\lib\ext\nashorn.jar;C:\Program Files\Java\jre1.8.0_31\lib\ext\sunec.jar;C:\Program Files\Java\jre1.8.0_31\lib\ext\sunjce_provider.jar;C:\Program Files\Java\jre1.8.0_31\lib\ext\sunmscapi.jar;C:\Program Files\Java\jre1.8.0_31\lib\ext\sunpkcs11.jar;C:\Program Files\Java\jre1.8.0_31\lib\ext\zipfs.jar;C:\Users\USP54\OneDrive - Birmingham City University\Coding\eclipse-workspace-audit-with-reference\AuditProject\AuditProject\client\target\classes;C:\Users\USP54\.m2\repository\com\github\stephenc\jcip\jcip-annotations\1.0-1\jcip-annotations-1.0-1.jar;C:\Users\USP54\.m2\repository\net\minidev\json-smart\2.3\json-smart-2.3.jar;C:\Users\USP54\.m2\repository\net\minidev\accessors-smart\1.2\accessors-smart-1.2.jar;C:\Users\USP54\.m2\repository\org\ow2\asm\asm\5.0.4\asm-5.0.4.jar;C:\Users\USP54\.m2\repository\org\bouncycastle\bcprov-jdk15on\1.59\bcprov-jdk15on-1.59.jar;C:\Users\USP54\.m2\repository\org\bouncycastle\bcpkix-jdk15on\1.60\bcpkix-jdk15on-1.60.jar;C:\Users\USP54\.m2\repository\org\slf4j\slf4j-api\1.7.22\slf4j-api-1.7.22.jar;C:\Users\USP54\.m2\repository\com\google\crypto\tink\tink\1.2.0\tink-1.2.0.jar;C:\Users\USP54\.m2\repository\com\amazonaws\aws-java-sdk-core\1.11.166\aws-java-sdk-core-1.11.166.jar;C:\Users\USP54\.m2\repository\software\amazon
Launcher Type: SUN_STANDARD

Environment Variables:
JAVA_HOME=C:\Program Files\Java\jdk1.8.0
CLASSPATH=.;
PATH=C:\windows;C:\windows\system32;C:\windows\system32\Wbem;C:\Program Files (x86)\PC Connectivity Solution\;C:\ProgramData\Oracle\Java\javapath;C:\Program Files (x86)\MySQL\MySQL Utilities 1.3.4\;C:\Program Files\Java\jdk1.7.0_51\bin;C:\Program Files\Java\jdk1.8.0\bin;C:\Program Files\Java\jre7\bin;C:\Program Files\Java\jre8\bin;C:\Program Files (x86)\MiKTeX 2.9\miktex\bin\;C:\Program Files (x86)\Heroku\bin;C:\Program Files (x86)\git\cmd;C:\Program Files (x86)\Git\cmd;C:\Python34\;C:\Program Files (x86)\Microsoft SQL Server\100\Tools\Binn\;C:\Program Files\Microsoft SQL Server\100\Tools\Binn\;C:\Program Files\Microsoft SQL Server\100\DTS\Binn\;C:\Python34;C:\Python34\Scripts;C:\ProgramData\ComposerSetup\bin;C:\wamp64\bin\php\php5.6.16;C:\Program Files\Microsoft SQL Server\130\Tools\Binn\;C:\Program Files (x86)\Microsoft SQL Server\Client SDK\ODBC\130\Tools\Binn\;C:\Program Files (x86)\Microsoft SQL Server\130\Tools\Binn\;C:\Program Files (x86)\Microsoft SQL Server\130\DTS\Binn\;C:\Program Files (x86)\Microsoft SQL Server\130\Tools\Binn\ManagementStudio\;C:\Program Files\Microsoft SQL Server\Client SDK\ODBC\110\Tools\Binn\;C:\Program Files (x86)\Microsoft SQL Server\120\Tools\Binn\;C:\Program Files\Microsoft SQL Server\120\Tools\Binn\;C:\Program Files\Microsoft SQL Server\120\DTS\Binn\;C:\Ruby24-x64\bin;C:\Program Files\nodejs\;C:\Ruby24-x64\bin;C:\Users\USP54\AppData\Roaming\npm; C:\Program Files\MySQL\MySQL Server 5.6\bin;C:\Program Files\apache-maven-3.5.2\bin;C:\row\Ruby23-x64\bin;C:\Ruby24-x64\bin;C:\wamp64\bin\php\php5.6.16;C:\Users\USP54\AppData\Roaming\Composer\vendor\bin;C:\Users\USP54\AppData\Roaming\npm;C:\Program Files\MySQL\MySQL Server 5.6\bin;C:\Users\USP54\AppData\Roaming\Dashlane\5.8.0.17084\bin\Firefox_Extension\{442718d9-475e-452a-b3e1-fb1ee16b8e9f}\components;C:\Users\USP54\AppData\Roaming\Dashlane\5.8.0.17084\ucrt
USERNAME=USP54
OS=Windows_NT
PROCESSOR_IDENTIFIER=Intel64 Family 6 Model 58 Stepping 9, GenuineIntel



---------------  S Y S T E M  ---------------

OS: Windows 7 , 64 bit Build 7601 Service Pack 1

CPU:total 4 (2 cores per cpu, 2 threads per core) family 6 model 58 stepping 9, cmov, cx8, fxsr, mmx, sse, sse2, sse3, ssse3, sse4.1, sse4.2, popcnt, avx, aes, clmul, erms, ht, tsc, tscinvbit, tscinv

Memory: 4k page, physical 16654916k(4768716k free), swap 28090640k(4444k free)

vm_info: Java HotSpot(TM) 64-Bit Server VM (25.31-b07) for windows-amd64 JRE (1.8.0_31-b13), built on Dec 17 2014 21:00:28 by "java_re" with MS VC++ 10.0 (VS2010)

time: Thu Jun 06 12:52:07 2019
elapsed time: 227 seconds (0d 0h 3m 47s)

