#
# There is insufficient memory for the Java Runtime Environment to continue.
# Native memory allocation (malloc) failed to allocate 2018096 bytes for Chunk::new
# Possible reasons:
#   The system is out of physical RAM or swap space
#   In 32 bit mode, the process size limit was hit
# Possible solutions:
#   Reduce memory load on the system
#   Increase physical memory or swap space
#   Check if swap backing store is full
#   Use 64 bit Java on a 64 bit OS
#   Decrease Java heap size (-Xmx/-Xms)
#   Decrease number of Java threads
#   Decrease Java thread stack sizes (-Xss)
#   Set larger code cache with -XX:ReservedCodeCacheSize=
# This output file may be truncated or incomplete.
#
#  Out of Memory Error (allocation.cpp:390), pid=20640, tid=8532
#
# JRE version: Java(TM) SE Runtime Environment (8.0_31-b13) (build 1.8.0_31-b13)
# Java VM: Java HotSpot(TM) 64-Bit Server VM (25.31-b07 mixed mode windows-amd64 compressed oops)
# Failed to write core dump. Minidumps are not enabled by default on client versions of Windows
#

---------------  T H R E A D  ---------------

Current thread (0x000000001bea9000):  JavaThread "C2 CompilerThread1" daemon [_thread_in_native, id=8532, stack(0x000000001dbc0000,0x000000001dcc0000)]

Stack: [0x000000001dbc0000,0x000000001dcc0000]
Native frames: (J=compiled Java code, j=interpreted, Vv=VM code, C=native code)
V  [jvm.dll+0x3169ba]
V  [jvm.dll+0x2674c3]
V  [jvm.dll+0x268103]
V  [jvm.dll+0x25f8f5]
V  [jvm.dll+0xbf025]
V  [jvm.dll+0xbf4cc]
V  [jvm.dll+0x45df82]
V  [jvm.dll+0x49f21f]
V  [jvm.dll+0x453401]
V  [jvm.dll+0x454124]
V  [jvm.dll+0x437c62]
V  [jvm.dll+0x988e2]
V  [jvm.dll+0x990d3]
V  [jvm.dll+0x22c194]
V  [jvm.dll+0x28576a]
C  [msvcr100.dll+0x21d9f]
C  [msvcr100.dll+0x21e3b]
C  [kernel32.dll+0x159bd]
C  [ntdll.dll+0x2a2e1]


Current CompileTask:
C2:  34717 2963       4       org.springframework.asm.ClassReader::readMethod (1130 bytes)


---------------  P R O C E S S  ---------------

Java Threads: ( => current thread )
  0x000000001beaf000 JavaThread "Service Thread" daemon [_thread_blocked, id=26840, stack(0x000000001dd60000,0x000000001de60000)]
  0x000000001beaa800 JavaThread "C1 CompilerThread2" daemon [_thread_blocked, id=26868, stack(0x000000001de60000,0x000000001df60000)]
=>0x000000001bea9000 JavaThread "C2 CompilerThread1" daemon [_thread_in_native, id=8532, stack(0x000000001dbc0000,0x000000001dcc0000)]
  0x000000001bea6800 JavaThread "C2 CompilerThread0" daemon [_thread_blocked, id=11336, stack(0x000000001d1a0000,0x000000001d2a0000)]
  0x000000001d42b000 JavaThread "Attach Listener" daemon [_thread_blocked, id=27376, stack(0x000000001da60000,0x000000001db60000)]
  0x000000001d428800 JavaThread "Signal Dispatcher" daemon [_thread_blocked, id=21460, stack(0x000000001d8b0000,0x000000001d9b0000)]
  0x000000001be43800 JavaThread "Finalizer" daemon [_thread_blocked, id=15084, stack(0x000000001d320000,0x000000001d420000)]
  0x000000001be40800 JavaThread "Reference Handler" daemon [_thread_blocked, id=22180, stack(0x000000001d040000,0x000000001d140000)]
  0x000000000215b000 JavaThread "main" [_thread_in_native, id=25716, stack(0x0000000002610000,0x0000000002710000)]

Other Threads:
  0x000000001be3d000 VMThread [stack: 0x000000001cf30000,0x000000001d030000] [id=26512]
  0x000000001d4a5000 WatcherThread [stack: 0x000000001e150000,0x000000001e250000] [id=12016]

VM state:not at safepoint (normal execution)

VM Mutex/Monitor currently owned by a thread: None

Heap:
 PSYoungGen      total 272896K, used 66145K [0x000000076b400000, 0x000000078cd00000, 0x00000007c0000000)
  eden space 262144K, 25% used [0x000000076b400000,0x000000076f4987b0,0x000000077b400000)
  from space 10752K, 0% used [0x000000077b400000,0x000000077b400000,0x000000077be80000)
  to   space 12800K, 0% used [0x000000078c080000,0x000000078c080000,0x000000078cd00000)
 ParOldGen       total 107008K, used 10851K [0x00000006c1c00000, 0x00000006c8480000, 0x000000076b400000)
  object space 107008K, 10% used [0x00000006c1c00000,0x00000006c2698d98,0x00000006c8480000)
 Metaspace       used 24387K, capacity 24730K, committed 24960K, reserved 1071104K
  class space    used 3011K, capacity 3076K, committed 3200K, reserved 1048576K

Card table byte_map: [0x0000000011da0000,0x00000000125a0000] byte_map_base: 0x000000000e792000

Marking Bits: (ParMarkBitMap*) 0x000000005bd6d4f0
 Begin Bits: [0x0000000012d90000, 0x0000000016d20000)
 End Bits:   [0x0000000016d20000, 0x000000001acb0000)

Polling page: 0x0000000000120000

CodeCache: size=245760Kb used=10927Kb max_used=10930Kb free=234832Kb
 bounds [0x00000000029e0000, 0x00000000034a0000, 0x00000000119e0000]
 total_blobs=3134 nmethods=2758 adapters=289
 compilation: enabled

Compilation events (10 events):
Event: 34.120 Thread 0x000000001beaa800 3040       3       java.lang.Integer::reverseBytes (26 bytes)
Event: 34.120 Thread 0x000000001beaa800 nmethod 3040 0x000000000345f3d0 code [0x000000000345f520, 0x000000000345f670]
Event: 34.130 Thread 0x000000001bea6800 3041       4       java.lang.Integer::reverseBytes (26 bytes)
Event: 34.131 Thread 0x000000001beaa800 3042       3       sun.security.provider.SHA::implCompress (491 bytes)
Event: 34.131 Thread 0x000000001bea6800 nmethod 3041 0x0000000003493bd0 code [0x0000000003493d00, 0x0000000003493d78]
Event: 34.132 Thread 0x000000001beaa800 nmethod 3042 0x0000000003492890 code [0x0000000003492a80, 0x0000000003493368]
Event: 34.132 Thread 0x000000001beaa800 3043       3       java.lang.StringCoding::deref (19 bytes)
Event: 34.133 Thread 0x000000001beaa800 nmethod 3043 0x0000000003492110 code [0x00000000034922a0, 0x0000000003492748]
Event: 34.134 Thread 0x000000001beaa800 3044       3       java.lang.ThreadLocal::get (38 bytes)
Event: 34.134 Thread 0x000000001beaa800 nmethod 3044 0x0000000003491a50 code [0x0000000003491be0, 0x0000000003491f68]

GC Heap History (10 events):
Event: 8.692 GC heap before
{Heap before GC invocations=2 (full 0):
 PSYoungGen      total 76288K, used 73076K [0x000000076b400000, 0x0000000774900000, 0x00000007c0000000)
  eden space 65536K, 100% used [0x000000076b400000,0x000000076f400000,0x000000076f400000)
  from space 10752K, 70% used [0x000000076f400000,0x000000076fb5d130,0x000000076fe80000)
  to   space 10752K, 0% used [0x0000000773e80000,0x0000000773e80000,0x0000000774900000)
 ParOldGen       total 175104K, used 0K [0x00000006c1c00000, 0x00000006cc700000, 0x000000076b400000)
  object space 175104K, 0% used [0x00000006c1c00000,0x00000006c1c00000,0x00000006cc700000)
 Metaspace       used 19137K, capacity 19488K, committed 19584K, reserved 1067008K
  class space    used 2348K, capacity 2427K, committed 2432K, reserved 1048576K
Event: 9.033 GC heap after
Heap after GC invocations=2 (full 0):
 PSYoungGen      total 141824K, used 10722K [0x000000076b400000, 0x0000000774900000, 0x00000007c0000000)
  eden space 131072K, 0% used [0x000000076b400000,0x000000076b400000,0x0000000773400000)
  from space 10752K, 99% used [0x0000000773e80000,0x00000007748f8868,0x0000000774900000)
  to   space 10752K, 0% used [0x0000000773400000,0x0000000773400000,0x0000000773e80000)
 ParOldGen       total 175104K, used 491K [0x00000006c1c00000, 0x00000006cc700000, 0x000000076b400000)
  object space 175104K, 0% used [0x00000006c1c00000,0x00000006c1c7afa0,0x00000006cc700000)
 Metaspace       used 19137K, capacity 19488K, committed 19584K, reserved 1067008K
  class space    used 2348K, capacity 2427K, committed 2432K, reserved 1048576K
}
Event: 13.607 GC heap before
{Heap before GC invocations=3 (full 0):
 PSYoungGen      total 141824K, used 141794K [0x000000076b400000, 0x0000000774900000, 0x00000007c0000000)
  eden space 131072K, 100% used [0x000000076b400000,0x0000000773400000,0x0000000773400000)
  from space 10752K, 99% used [0x0000000773e80000,0x00000007748f8868,0x0000000774900000)
  to   space 10752K, 0% used [0x0000000773400000,0x0000000773400000,0x0000000773e80000)
 ParOldGen       total 175104K, used 491K [0x00000006c1c00000, 0x00000006cc700000, 0x000000076b400000)
  object space 175104K, 0% used [0x00000006c1c00000,0x00000006c1c7afa0,0x00000006cc700000)
 Metaspace       used 20024K, capacity 20382K, committed 20480K, reserved 1067008K
  class space    used 2445K, capacity 2528K, committed 2560K, reserved 1048576K
Event: 14.147 GC heap after
Heap after GC invocations=3 (full 0):
 PSYoungGen      total 141824K, used 10735K [0x000000076b400000, 0x000000077c900000, 0x00000007c0000000)
  eden space 131072K, 0% used [0x000000076b400000,0x000000076b400000,0x0000000773400000)
  from space 10752K, 99% used [0x0000000773400000,0x0000000773e7bf28,0x0000000773e80000)
  to   space 10752K, 0% used [0x000000077be80000,0x000000077be80000,0x000000077c900000)
 ParOldGen       total 175104K, used 1209K [0x00000006c1c00000, 0x00000006cc700000, 0x000000076b400000)
  object space 175104K, 0% used [0x00000006c1c00000,0x00000006c1d2e510,0x00000006cc700000)
 Metaspace       used 20024K, capacity 20382K, committed 20480K, reserved 1067008K
  class space    used 2445K, capacity 2528K, committed 2560K, reserved 1048576K
}
Event: 17.648 GC heap before
{Heap before GC invocations=4 (full 0):
 PSYoungGen      total 141824K, used 141807K [0x000000076b400000, 0x000000077c900000, 0x00000007c0000000)
  eden space 131072K, 100% used [0x000000076b400000,0x0000000773400000,0x0000000773400000)
  from space 10752K, 99% used [0x0000000773400000,0x0000000773e7bf28,0x0000000773e80000)
  to   space 10752K, 0% used [0x000000077be80000,0x000000077be80000,0x000000077c900000)
 ParOldGen       total 175104K, used 1209K [0x00000006c1c00000, 0x00000006cc700000, 0x000000076b400000)
  object space 175104K, 0% used [0x00000006c1c00000,0x00000006c1d2e510,0x00000006cc700000)
 Metaspace       used 20101K, capacity 20446K, committed 20480K, reserved 1067008K
  class space    used 2445K, capacity 2528K, committed 2560K, reserved 1048576K
Event: 18.502 GC heap after
Heap after GC invocations=4 (full 0):
 PSYoungGen      total 272896K, used 9729K [0x000000076b400000, 0x000000077c900000, 0x00000007c0000000)
  eden space 262144K, 0% used [0x000000076b400000,0x000000076b400000,0x000000077b400000)
  from space 10752K, 90% used [0x000000077be80000,0x000000077c800640,0x000000077c900000)
  to   space 10752K, 0% used [0x000000077b400000,0x000000077b400000,0x000000077be80000)
 ParOldGen       total 175104K, used 1209K [0x00000006c1c00000, 0x00000006cc700000, 0x000000076b400000)
  object space 175104K, 0% used [0x00000006c1c00000,0x00000006c1d2e510,0x00000006cc700000)
 Metaspace       used 20101K, capacity 20446K, committed 20480K, reserved 1067008K
  class space    used 2445K, capacity 2528K, committed 2560K, reserved 1048576K
}
Event: 25.619 GC heap before
{Heap before GC invocations=5 (full 0):
 PSYoungGen      total 272896K, used 198798K [0x000000076b400000, 0x000000077c900000, 0x00000007c0000000)
  eden space 262144K, 72% used [0x000000076b400000,0x0000000776ca3250,0x000000077b400000)
  from space 10752K, 90% used [0x000000077be80000,0x000000077c800640,0x000000077c900000)
  to   space 10752K, 0% used [0x000000077b400000,0x000000077b400000,0x000000077be80000)
 ParOldGen       total 175104K, used 1209K [0x00000006c1c00000, 0x00000006cc700000, 0x000000076b400000)
  object space 175104K, 0% used [0x00000006c1c00000,0x00000006c1d2e510,0x00000006cc700000)
 Metaspace       used 20854K, capacity 21124K, committed 21296K, reserved 1069056K
  class space    used 2554K, capacity 2625K, committed 2688K, reserved 1048576K
Event: 26.546 GC heap after
Heap after GC invocations=5 (full 0):
 PSYoungGen      total 272896K, used 10722K [0x000000076b400000, 0x000000078cd00000, 0x00000007c0000000)
  eden space 262144K, 0% used [0x000000076b400000,0x000000076b400000,0x000000077b400000)
  from space 10752K, 99% used [0x000000077b400000,0x000000077be78be0,0x000000077be80000)
  to   space 12800K, 0% used [0x000000078c080000,0x000000078c080000,0x000000078cd00000)
 ParOldGen       total 175104K, used 1423K [0x00000006c1c00000, 0x00000006cc700000, 0x000000076b400000)
  object space 175104K, 0% used [0x00000006c1c00000,0x00000006c1d63c10,0x00000006cc700000)
 Metaspace       used 20854K, capacity 21124K, committed 21296K, reserved 1069056K
  class space    used 2554K, capacity 2625K, committed 2688K, reserved 1048576K
}
Event: 26.546 GC heap before
{Heap before GC invocations=6 (full 1):
 PSYoungGen      total 272896K, used 10722K [0x000000076b400000, 0x000000078cd00000, 0x00000007c0000000)
  eden space 262144K, 0% used [0x000000076b400000,0x000000076b400000,0x000000077b400000)
  from space 10752K, 99% used [0x000000077b400000,0x000000077be78be0,0x000000077be80000)
  to   space 12800K, 0% used [0x000000078c080000,0x000000078c080000,0x000000078cd00000)
 ParOldGen       total 175104K, used 1423K [0x00000006c1c00000, 0x00000006cc700000, 0x000000076b400000)
  object space 175104K, 0% used [0x00000006c1c00000,0x00000006c1d63c10,0x00000006cc700000)
 Metaspace       used 20854K, capacity 21124K, committed 21296K, reserved 1069056K
  class space    used 2554K, capacity 2625K, committed 2688K, reserved 1048576K
Event: 29.638 GC heap after
Heap after GC invocations=6 (full 1):
 PSYoungGen      total 272896K, used 0K [0x000000076b400000, 0x000000078cd00000, 0x00000007c0000000)
  eden space 262144K, 0% used [0x000000076b400000,0x000000076b400000,0x000000077b400000)
  from space 10752K, 0% used [0x000000077b400000,0x000000077b400000,0x000000077be80000)
  to   space 12800K, 0% used [0x000000078c080000,0x000000078c080000,0x000000078cd00000)
 ParOldGen       total 107008K, used 10851K [0x00000006c1c00000, 0x00000006c8480000, 0x000000076b400000)
  object space 107008K, 10% used [0x00000006c1c00000,0x00000006c2698d98,0x00000006c8480000)
 Metaspace       used 20852K, capacity 21122K, committed 21296K, reserved 1069056K
  class space    used 2553K, capacity 2624K, committed 2688K, reserved 1048576K
}

Deoptimization events (10 events):
Event: 33.579 Thread 0x000000000215b000 Uncommon trap: reason=array_check action=maybe_recompile pc=0x00000000032ea534 method=sun.reflect.annotation.AnnotationParser.parseEnumArray(ILjava/lang/Class;Ljava/nio/ByteBuffer;Lsun/reflect/ConstantPool;Ljava/lang/Class;)Ljava/lang/Object; @ 53
Event: 33.580 Thread 0x000000000215b000 Uncommon trap: reason=array_check action=maybe_recompile pc=0x00000000032ea534 method=sun.reflect.annotation.AnnotationParser.parseEnumArray(ILjava/lang/Class;Ljava/nio/ByteBuffer;Lsun/reflect/ConstantPool;Ljava/lang/Class;)Ljava/lang/Object; @ 53
Event: 33.581 Thread 0x000000000215b000 Uncommon trap: reason=array_check action=maybe_recompile pc=0x00000000032ea534 method=sun.reflect.annotation.AnnotationParser.parseEnumArray(ILjava/lang/Class;Ljava/nio/ByteBuffer;Lsun/reflect/ConstantPool;Ljava/lang/Class;)Ljava/lang/Object; @ 53
Event: 33.812 Thread 0x000000000215b000 Uncommon trap: reason=class_check action=maybe_recompile pc=0x00000000032fe3d4 method=org.springframework.asm.ClassReader.readCode(Lorg/springframework/asm/MethodVisitor;Lorg/springframework/asm/Context;I)V @ 2568
Event: 33.812 Thread 0x000000000215b000 Uncommon trap: reason=class_check action=maybe_recompile pc=0x00000000032fe3d4 method=org.springframework.asm.ClassReader.readCode(Lorg/springframework/asm/MethodVisitor;Lorg/springframework/asm/Context;I)V @ 2568
Event: 33.812 Thread 0x000000000215b000 Uncommon trap: reason=class_check action=maybe_recompile pc=0x0000000002e062c8 method=java.util.concurrent.ConcurrentHashMap.putVal(Ljava/lang/Object;Ljava/lang/Object;Z)Ljava/lang/Object; @ 192
Event: 33.872 Thread 0x000000000215b000 Uncommon trap: reason=bimorphic action=maybe_recompile pc=0x0000000002b71540 method=java.util.AbstractCollection.toArray()[Ljava/lang/Object; @ 1
Event: 33.987 Thread 0x000000000215b000 Uncommon trap: reason=bimorphic action=maybe_recompile pc=0x0000000002b71540 method=java.util.AbstractCollection.toArray()[Ljava/lang/Object; @ 1
Event: 34.059 Thread 0x000000000215b000 Uncommon trap: reason=unreached action=reinterpret pc=0x0000000002bc3d5c method=org.springframework.core.ResolvableType.resolve(Ljava/lang/Class;)Ljava/lang/Class; @ 4
Event: 34.068 Thread 0x000000000215b000 Uncommon trap: reason=bimorphic action=maybe_recompile pc=0x0000000002b71540 method=java.util.AbstractCollection.toArray()[Ljava/lang/Object; @ 1

Internal exceptions (10 events):
Event: 34.067 Thread 0x000000000215b000 Exception <a 'java/security/PrivilegedActionException'> (0x000000076f1a03b0) thrown at [C:\workspace\8-2-build-windows-amd64-cygwin\jdk8u31\2394\hotspot\src\share\vm\prims\jvm.cpp, line 1312]
Event: 34.067 Thread 0x000000000215b000 Exception <a 'java/lang/ClassNotFoundException': org/springframework/boot/web/servlet/ErrorPageRegistrarCustomizer> (0x000000076f1a07a8) thrown at [C:\workspace\8-2-build-windows-amd64-cygwin\jdk8u31\2394\hotspot\src\share\vm\classfile\systemDictionary.cppK…×h–A@
Event: 34.067 Thread 0x000000000215b000 Exception <a 'java/security/PrivilegedActionException'> (0x000000076f1a2420) thrown at [C:\workspace\8-2-build-windows-amd64-cygwin\jdk8u31\2394\hotspot\src\share\vm\prims\jvm.cpp, line 1312]
Event: 34.067 Thread 0x000000000215b000 Exception <a 'java/security/PrivilegedActionException'> (0x000000076f1a9e88) thrown at [C:\workspace\8-2-build-windows-amd64-cygwin\jdk8u31\2394\hotspot\src\share\vm\prims\jvm.cpp, line 1312]
Event: 34.067 Thread 0x000000000215b000 Exception <a 'java/security/PrivilegedActionException'> (0x000000076f1aa9a8) thrown at [C:\workspace\8-2-build-windows-amd64-cygwin\jdk8u31\2394\hotspot\src\share\vm\prims\jvm.cpp, line 1312]
Event: 34.068 Thread 0x000000000215b000 Exception <a 'java/security/PrivilegedActionException'> (0x000000076f1b2410) thrown at [C:\workspace\8-2-build-windows-amd64-cygwin\jdk8u31\2394\hotspot\src\share\vm\prims\jvm.cpp, line 1312]
Event: 34.068 Thread 0x000000000215b000 Exception <a 'java/lang/ClassNotFoundException': org/springframework/core/OrderedCustomizer> (0x000000076f1b27d8) thrown at [C:\workspace\8-2-build-windows-amd64-cygwin\jdk8u31\2394\hotspot\src\share\vm\classfile\systemDictionary.cpp, line 202]
Event: 34.069 Thread 0x000000000215b000 Exception <a 'java/security/PrivilegedActionException'> (0x000000076f1b8438) thrown at [C:\workspace\8-2-build-windows-amd64-cygwin\jdk8u31\2394\hotspot\src\share\vm\prims\jvm.cpp, line 1312]
Event: 34.070 Thread 0x000000000215b000 Exception <a 'java/security/PrivilegedActionException'> (0x000000076f1c1ae0) thrown at [C:\workspace\8-2-build-windows-amd64-cygwin\jdk8u31\2394\hotspot\src\share\vm\prims\jvm.cpp, line 1312]
Event: 34.071 Thread 0x000000000215b000 Exception <a 'java/security/PrivilegedActionException'> (0x000000076f1c85c0) thrown at [C:\workspace\8-2-build-windows-amd64-cygwin\jdk8u31\2394\hotspot\src\share\vm\prims\jvm.cpp, line 1312]

Events (10 events):
Event: 34.119 loading class sun/security/provider/ByteArrayAccess
Event: 34.119 loading class sun/security/provider/ByteArrayAccess done
Event: 34.133 loading class java/net/NetworkInterface
Event: 34.133 loading class java/net/NetworkInterface done
Event: 34.133 loading class java/net/NetworkInterface$1
Event: 34.133 loading class java/net/NetworkInterface$1 done
Event: 34.135 loading class java/net/InterfaceAddress
Event: 34.135 loading class java/net/InterfaceAddress done
Event: 34.135 loading class java/net/DefaultInterface
Event: 34.135 loading class java/net/DefaultInterface done


Dynamic libraries:
0x000000013f7c0000 - 0x000000013f7f4000 	C:\Program Files\Java\jre1.8.0_31\bin\javaw.exe
0x0000000077410000 - 0x00000000775ba000 	C:\windows\SYSTEM32\ntdll.dll
0x00000000772f0000 - 0x000000007740f000 	C:\windows\system32\kernel32.dll
0x000007fefd280000 - 0x000007fefd2ea000 	C:\windows\system32\KERNELBASE.dll
0x000007fefe560000 - 0x000007fefe63b000 	C:\windows\system32\ADVAPI32.dll
0x000007feff370000 - 0x000007feff40f000 	C:\windows\system32\msvcrt.dll
0x000007feff410000 - 0x000007feff42f000 	C:\windows\SYSTEM32\sechost.dll
0x000007fefee30000 - 0x000007fefef5d000 	C:\windows\system32\RPCRT4.dll
0x00000000771f0000 - 0x00000000772ea000 	C:\windows\system32\USER32.dll
0x000007fefe2e0000 - 0x000007fefe347000 	C:\windows\system32\GDI32.dll
0x000007fefec30000 - 0x000007fefec3e000 	C:\windows\system32\LPK.dll
0x000007fefef60000 - 0x000007feff02a000 	C:\windows\system32\USP10.dll
0x000007fefbc60000 - 0x000007fefbe54000 	C:\windows\WinSxS\amd64_microsoft.windows.common-controls_6595b64144ccf1df_6.0.7601.18837_none_fa3b1e3d17594757\COMCTL32.dll
0x000007feff2f0000 - 0x000007feff361000 	C:\windows\system32\SHLWAPI.dll
0x000007fefe350000 - 0x000007fefe37e000 	C:\windows\system32\IMM32.DLL
0x000007fefe850000 - 0x000007fefe959000 	C:\windows\system32\MSCTF.dll
0x00000000687d0000 - 0x00000000688a2000 	C:\Program Files\Java\jre1.8.0_31\bin\msvcr100.dll
0x000000005b590000 - 0x000000005bdea000 	C:\Program Files\Java\jre1.8.0_31\bin\server\jvm.dll
0x000007fefa750000 - 0x000007fefa759000 	C:\windows\system32\WSOCK32.dll
0x000007feff2a0000 - 0x000007feff2ed000 	C:\windows\system32\WS2_32.dll
0x000007fefee00000 - 0x000007fefee08000 	C:\windows\system32\NSI.dll
0x000007fefc150000 - 0x000007fefc18b000 	C:\windows\system32\WINMM.dll
0x00000000775e0000 - 0x00000000775e7000 	C:\windows\system32\PSAPI.DLL
0x0000000073c30000 - 0x0000000073c3f000 	C:\Program Files\Java\jre1.8.0_31\bin\verify.dll
0x0000000073960000 - 0x0000000073988000 	C:\Program Files\Java\jre1.8.0_31\bin\java.dll
0x0000000068950000 - 0x0000000068966000 	C:\Program Files\Java\jre1.8.0_31\bin\zip.dll
0x000007fefd550000 - 0x000007fefe2da000 	C:\windows\system32\SHELL32.dll
0x000007fefe640000 - 0x000007fefe843000 	C:\windows\system32\ole32.dll
0x000007fefd190000 - 0x000007fefd19f000 	C:\windows\system32\profapi.dll
0x00000000676d0000 - 0x00000000676dd000 	C:\Program Files\Java\jre1.8.0_31\bin\management.dll
0x0000000068910000 - 0x000000006892a000 	C:\Program Files\Java\jre1.8.0_31\bin\net.dll
0x000007fefc910000 - 0x000007fefc965000 	C:\windows\system32\mswsock.dll
0x000007fefcad0000 - 0x000007fefcad7000 	C:\windows\System32\wship6.dll
0x000007fefa5a0000 - 0x000007fefa5b5000 	C:\windows\system32\NLAapi.dll
0x000007feed0f0000 - 0x000007feed105000 	C:\windows\system32\napinsp.dll
0x000007feecba0000 - 0x000007feecbb9000 	C:\windows\system32\pnrpnsp.dll
0x000007fefc750000 - 0x000007fefc7ab000 	C:\windows\system32\DNSAPI.dll
0x000007feed0e0000 - 0x000007feed0eb000 	C:\windows\System32\winrnr.dll
0x000007feecb90000 - 0x000007feecba0000 	C:\windows\system32\wshbth.dll
0x000000006ff40000 - 0x000000006ff66000 	C:\Program Files\Bonjour\mdnsNSP.dll
0x000007fefaea0000 - 0x000007fefaec7000 	C:\windows\system32\Iphlpapi.DLL
0x000007fefad40000 - 0x000007fefad4b000 	C:\windows\system32\WINNSI.DLL
0x000007fefc280000 - 0x000007fefc287000 	C:\windows\System32\wshtcpip.dll
0x000007fef41c0000 - 0x000007fef41c8000 	C:\windows\system32\rasadhlp.dll
0x000007fef9590000 - 0x000007fef95e3000 	C:\windows\System32\fwpuclnt.dll
0x0000000068930000 - 0x0000000068941000 	C:\Program Files\Java\jre1.8.0_31\bin\nio.dll
0x000007fefc970000 - 0x000007fefc988000 	C:\windows\system32\CRYPTSP.dll
0x000007fefc670000 - 0x000007fefc6b7000 	C:\windows\system32\rsaenh.dll
0x000007fefd2f0000 - 0x000007fefd30e000 	C:\windows\system32\USERENV.dll
0x000007fefcf90000 - 0x000007fefcf9f000 	C:\windows\system32\CRYPTBASE.dll
0x000007fefad20000 - 0x000007fefad38000 	C:\windows\system32\dhcpcsvc.DLL
0x000007fef95f0000 - 0x000007fef9601000 	C:\windows\system32\dhcpcsvc6.DLL
0x000007feeccf0000 - 0x000007feece15000 	C:\windows\system32\dbghelp.dll

VM Arguments:
jvm_args: -Dfile.encoding=UTF-8 
java_command: audit.client.WorkflowGenericParticipant --a --port 8105 --name Participant5
java_class_path (initial): C:\Program Files\Java\jre1.8.0_31\lib\resources.jar;C:\Program Files\Java\jre1.8.0_31\lib\rt.jar;C:\Program Files\Java\jre1.8.0_31\lib\jsse.jar;C:\Program Files\Java\jre1.8.0_31\lib\jce.jar;C:\Program Files\Java\jre1.8.0_31\lib\charsets.jar;C:\Program Files\Java\jre1.8.0_31\lib\jfr.jar;C:\Program Files\Java\jre1.8.0_31\lib\ext\access-bridge-64.jar;C:\Program Files\Java\jre1.8.0_31\lib\ext\cldrdata.jar;C:\Program Files\Java\jre1.8.0_31\lib\ext\dnsns.jar;C:\Program Files\Java\jre1.8.0_31\lib\ext\dns_sd.jar;C:\Program Files\Java\jre1.8.0_31\lib\ext\jaccess.jar;C:\Program Files\Java\jre1.8.0_31\lib\ext\jfxrt.jar;C:\Program Files\Java\jre1.8.0_31\lib\ext\localedata.jar;C:\Program Files\Java\jre1.8.0_31\lib\ext\nashorn.jar;C:\Program Files\Java\jre1.8.0_31\lib\ext\sunec.jar;C:\Program Files\Java\jre1.8.0_31\lib\ext\sunjce_provider.jar;C:\Program Files\Java\jre1.8.0_31\lib\ext\sunmscapi.jar;C:\Program Files\Java\jre1.8.0_31\lib\ext\sunpkcs11.jar;C:\Program Files\Java\jre1.8.0_31\lib\ext\zipfs.jar;C:\Users\USP54\eclipse-workspace-audit-paper3\AuditProject\AuditProject\client\target\classes;C:\Users\USP54\.m2\repository\com\github\stephenc\jcip\jcip-annotations\1.0-1\jcip-annotations-1.0-1.jar;C:\Users\USP54\.m2\repository\net\minidev\json-smart\2.3\json-smart-2.3.jar;C:\Users\USP54\.m2\repository\net\minidev\accessors-smart\1.2\accessors-smart-1.2.jar;C:\Users\USP54\.m2\repository\org\ow2\asm\asm\5.0.4\asm-5.0.4.jar;C:\Users\USP54\.m2\repository\org\bouncycastle\bcprov-jdk15on\1.59\bcprov-jdk15on-1.59.jar;C:\Users\USP54\.m2\repository\org\bouncycastle\bcpkix-jdk15on\1.60\bcpkix-jdk15on-1.60.jar;C:\Users\USP54\.m2\repository\org\slf4j\slf4j-api\1.7.22\slf4j-api-1.7.22.jar;C:\Users\USP54\.m2\repository\com\google\crypto\tink\tink\1.2.0\tink-1.2.0.jar;C:\Users\USP54\.m2\repository\com\amazonaws\aws-java-sdk-core\1.11.166\aws-java-sdk-core-1.11.166.jar;C:\Users\USP54\.m2\repository\software\amazon\ion\ion-java\1.0.2\ion-java-1.0.2.jar;C:\Users\USP54
Launcher Type: SUN_STANDARD

Environment Variables:
JAVA_HOME=C:\Program Files\Java\jdk1.8.0
CLASSPATH=.;
PATH=C:\windows;C:\windows\system32;C:\windows\system32\Wbem;C:\Program Files (x86)\PC Connectivity Solution\;C:\ProgramData\Oracle\Java\javapath;C:\Program Files (x86)\MySQL\MySQL Utilities 1.3.4\;C:\Program Files\Java\jdk1.7.0_51\bin;C:\Program Files\Java\jdk1.8.0\bin;C:\Program Files\Java\jre7\bin;C:\Program Files\Java\jre8\bin;C:\Program Files (x86)\MiKTeX 2.9\miktex\bin\;C:\Program Files (x86)\Heroku\bin;C:\Program Files (x86)\git\cmd;C:\Program Files (x86)\Git\cmd;C:\Python34\;C:\Program Files (x86)\Microsoft SQL Server\100\Tools\Binn\;C:\Program Files\Microsoft SQL Server\100\Tools\Binn\;C:\Program Files\Microsoft SQL Server\100\DTS\Binn\;C:\Python34;C:\Python34\Scripts;C:\ProgramData\ComposerSetup\bin;C:\wamp64\bin\php\php5.6.16;C:\Program Files\Microsoft SQL Server\130\Tools\Binn\;C:\Program Files (x86)\Microsoft SQL Server\Client SDK\ODBC\130\Tools\Binn\;C:\Program Files (x86)\Microsoft SQL Server\130\Tools\Binn\;C:\Program Files (x86)\Microsoft SQL Server\130\DTS\Binn\;C:\Program Files (x86)\Microsoft SQL Server\130\Tools\Binn\ManagementStudio\;C:\Program Files\Microsoft SQL Server\Client SDK\ODBC\110\Tools\Binn\;C:\Program Files (x86)\Microsoft SQL Server\120\Tools\Binn\;C:\Program Files\Microsoft SQL Server\120\Tools\Binn\;C:\Program Files\Microsoft SQL Server\120\DTS\Binn\;C:\Ruby24-x64\bin;C:\Program Files\nodejs\;C:\Ruby24-x64\bin;C:\Users\USP54\AppData\Roaming\npm; C:\Program Files\MySQL\MySQL Server 5.6\bin;C:\Program Files\apache-maven-3.5.2\bin;C:\row\Ruby23-x64\bin;C:\Ruby24-x64\bin;C:\wamp64\bin\php\php5.6.16;C:\Users\USP54\AppData\Roaming\Composer\vendor\bin;C:\Users\USP54\AppData\Roaming\npm;C:\Program Files\MySQL\MySQL Server 5.6\bin;C:\Users\USP54\AppData\Roaming\Dashlane\5.8.0.17084\bin\Firefox_Extension\{442718d9-475e-452a-b3e1-fb1ee16b8e9f}\components;C:\Users\USP54\AppData\Roaming\Dashlane\5.8.0.17084\ucrt
USERNAME=USP54
OS=Windows_NT
PROCESSOR_IDENTIFIER=Intel64 Family 6 Model 58 Stepping 9, GenuineIntel



---------------  S Y S T E M  ---------------

OS: Windows 7 , 64 bit Build 7601 Service Pack 1

CPU:total 4 (2 cores per cpu, 2 threads per core) family 6 model 58 stepping 9, cmov, cx8, fxsr, mmx, sse, sse2, sse3, ssse3, sse4.1, sse4.2, popcnt, avx, aes, clmul, erms, ht, tsc, tscinvbit, tscinv

Memory: 4k page, physical 16654916k(4998540k free), swap 27914196k(811512k free)

vm_info: Java HotSpot(TM) 64-Bit Server VM (25.31-b07) for windows-amd64 JRE (1.8.0_31-b13), built on Dec 17 2014 21:00:28 by "java_re" with MS VC++ 10.0 (VS2010)

time: Wed May 22 18:59:56 2019
elapsed time: 34 seconds (0d 0h 0m 34s)

